============================= test session starts ==============================
platform linux -- Python 3.11.15, pytest-9.1.1, pluggy-1.6.0 -- /home/paul/dev/NeuralScreen-Linux/.venv/bin/python
rootdir: /home/paul/dev/NeuralScreen-Linux
configfile: pyproject.toml
collecting ... collected 132 items

tests/test_capture_display.py::test_capture_reports_a_resolution SKIPPED [  0%]
tests/test_capture_display.py::test_capture_returns_rgba_uint8 SKIPPED   [  1%]
tests/test_capture_display.py::test_capture_consecutive_frames_have_the_same_shape SKIPPED [  2%]
tests/test_capture_display.py::test_capture_rejects_a_missing_monitor SKIPPED [  3%]
tests/test_capture_display.py::test_list_monitors SKIPPED (Xvfb not ...) [  3%]
tests/test_capture_display.py::test_display_headless_presents_without_a_window SKIPPED [  4%]
tests/test_capture_display.py::test_display_rejects_a_wrong_size SKIPPED [  5%]
tests/test_capture_display.py::test_display_rejects_a_wrong_dtype SKIPPED [  6%]
tests/test_capture_display.py::test_display_can_be_created_twice_in_a_row SKIPPED [  6%]
tests/test_capture_display.py::test_display_polls_without_events SKIPPED [  7%]
tests/test_capture_sources.py::test_synthetic_reports_the_requested_resolution PASSED [  8%]
tests/test_capture_sources.py::test_synthetic_returns_rgba_uint8_of_the_right_shape PASSED [  9%]
tests/test_capture_sources.py::test_synthetic_frames_are_not_all_the_same PASSED [  9%]
tests/test_capture_sources.py::test_synthetic_has_texture_in_every_channel PASSED [ 10%]
tests/test_capture_sources.py::test_synthetic_frames_actually_move PASSED [ 11%]
tests/test_capture_sources.py::test_image_replays_a_written_file PASSED  [ 12%]
tests/test_capture_sources.py::test_image_rejects_an_unreadable_file PASSED [ 12%]
tests/test_capture_sources.py::test_open_capture_dispatches PASSED       [ 13%]
tests/test_capture_sources.py::test_open_capture_image_requires_a_path PASSED [ 14%]
tests/test_capture_sources.py::test_open_capture_rejects_an_unknown_source PASSED [ 15%]
tests/test_capture_sources.py::test_open_capture_image_reads_the_file PASSED [ 15%]
tests/test_capture_sources.py::test_save_png_round_trips_the_colours PASSED [ 16%]
tests/test_capture_sources.py::test_the_old_channel_reversal_is_not_equivalent PASSED [ 17%]
tests/test_capture_wayland.py::test_pipeline_hands_pipewiresrc_the_fd PASSED [ 18%]
tests/test_capture_wayland.py::test_pipeline_targets_the_stream_by_serial PASSED [ 18%]
tests/test_capture_wayland.py::test_pipeline_uses_the_node_id_when_there_is_no_serial PASSED [ 19%]
tests/test_capture_wayland.py::test_pipeline_asks_for_rgba_at_the_portal_size PASSED [ 20%]
tests/test_capture_wayland.py::test_pipeline_drops_stale_frames PASSED   [ 21%]
tests/test_capture_wayland.py::test_pipeline_writes_raw_frames_to_our_stdout PASSED [ 21%]
tests/test_capture_wayland.py::test_pipeline_is_quiet_by_default PASSED  [ 22%]
tests/test_capture_wayland.py::test_requirements_names_the_missing_gstreamer PASSED [ 23%]
tests/test_capture_wayland.py::test_requirements_names_a_missing_pipewiresrc PASSED [ 24%]
tests/test_capture_wayland.py::test_grab_refuses_when_the_pipeline_is_not_running PASSED [ 25%]
tests/test_capture_wayland.py::test_grab_explains_a_truncated_frame_with_the_pipeline_stderr PASSED [ 25%]
tests/test_capture_wayland.py::test_grab_assembles_a_frame_across_short_reads PASSED [ 26%]
tests/test_capture_wayland.py::test_constructor_refuses_clearly_when_requirements_are_missing PASSED [ 27%]
tests/test_capture_wayland.py::test_close_is_safe_without_a_pipeline PASSED [ 28%]
tests/test_cli_end_to_end.py::test_cli_runs_and_writes_both_pngs SKIPPED [ 28%]
tests/test_cli_end_to_end.py::test_cli_before_and_after_differ SKIPPED   [ 29%]
tests/test_cli_end_to_end.py::test_cli_pngs_match_the_capture_resolution SKIPPED [ 30%]
tests/test_cli_end_to_end.py::test_cli_list_monitors_runs SKIPPED (X...) [ 31%]
tests/test_cli_end_to_end.py::test_cli_reports_a_dead_worker SKIPPED     [ 31%]
tests/test_dependencies.py::test_the_pyproject_lists_some_dependencies PASSED [ 32%]
tests/test_dependencies.py::test_declared_dependency_is_installed[numpy] PASSED [ 33%]
tests/test_dependencies.py::test_declared_dependency_is_installed[opencv-python] PASSED [ 34%]
tests/test_dependencies.py::test_declared_dependency_is_installed[pygame] PASSED [ 34%]
tests/test_dependencies.py::test_declared_dependency_is_installed[av] PASSED [ 35%]
tests/test_dependencies.py::test_declared_dependency_is_installed[mss] PASSED [ 36%]
tests/test_dependencies.py::test_declared_dependency_is_installed[pysdl2] PASSED [ 37%]
tests/test_dependencies.py::test_declared_dependency_is_installed[jeepney] PASSED [ 37%]
tests/test_dependencies.py::test_declared_dependency_is_installed[pytest] PASSED [ 38%]
tests/test_dependencies.py::test_the_expectation_map_covers_every_declared_dependency PASSED [ 39%]
tests/test_dependencies.py::test_the_modules_the_mvp_imports_at_startup_are_available PASSED [ 40%]
tests/test_m0_env_gate.py::test_worker_binary_is_present SKIPPED (M0...) [ 40%]
tests/test_m0_env_gate.py::test_nr_runtime_is_present SKIPPED (M0 ru...) [ 41%]
tests/test_m0_env_gate.py::test_sidecar_dlls_are_present SKIPPED (M0...) [ 42%]
tests/test_m0_env_gate.py::test_wine_is_available SKIPPED (M0 runs o...) [ 43%]
tests/test_m0_env_gate.py::test_m0_uses_the_canonical_environment SKIPPED [ 43%]
tests/test_m0_env_gate.py::test_m0_no_ngx_core_not_found_error SKIPPED   [ 44%]
tests/test_m0_env_gate.py::test_m0_no_platform_error SKIPPED (M0 run...) [ 45%]
tests/test_m0_env_gate.py::test_m0_worker_runs SKIPPED (M0 runs on t...) [ 46%]
tests/test_m0_env_gate.py::test_m0_ngx_initialises SKIPPED (M0 runs ...) [ 46%]
tests/test_m0_env_gate.py::test_m0_feature18_is_created SKIPPED (M0 ...) [ 47%]
tests/test_m0_env_gate.py::test_m0_evaluates_succeed SKIPPED (M0 run...) [ 48%]
tests/test_pipeline_mock.py::test_work_size[1920-1080-1920-1080] PASSED  [ 49%]
tests/test_pipeline_mock.py::test_work_size[2560-1440-2560-1440] PASSED  [ 50%]
tests/test_pipeline_mock.py::test_work_size[3840-2160-2560-1440] PASSED  [ 50%]
tests/test_pipeline_mock.py::test_work_size[100-100-100-100] PASSED      [ 51%]
tests/test_pipeline_mock.py::test_work_size[101-101-100-100] PASSED      [ 52%]
tests/test_pipeline_mock.py::test_work_size_never_exceeds_the_source PASSED [ 53%]
tests/test_pipeline_mock.py::test_worker_starts_and_sends_its_header PASSED [ 53%]
tests/test_pipeline_mock.py::test_one_frame_round_trip PASSED            [ 54%]
tests/test_pipeline_mock.py::test_frame_indices_are_paired PASSED        [ 55%]
tests/test_pipeline_mock.py::test_stop_terminates_the_worker PASSED      [ 56%]
tests/test_pipeline_mock.py::test_pipeline_runs_n_frames PASSED          [ 56%]
tests/test_pipeline_mock.py::test_pipeline_frames_differ_frame_to_frame PASSED [ 57%]
tests/test_pipeline_mock.py::test_saved_pair_comes_from_the_same_iteration PASSED [ 58%]
tests/test_pipeline_mock.py::test_pipeline_reports_worker_death PASSED   [ 59%]
tests/test_pipeline_mock.py::test_pipeline_quits_on_display_event PASSED [ 59%]
tests/test_portal.py::test_sources_options_are_variant_pairs PASSED      [ 60%]
tests/test_portal.py::test_sources_options_pass_a_restore_token_when_given PASSED [ 61%]
tests/test_portal.py::test_sources_options_do_not_send_a_blank_restore_token PASSED [ 62%]
tests/test_portal.py::test_handle_token_is_a_variant_pair_not_a_bare_string PASSED [ 62%]
tests/test_portal.py::test_handle_token_overrides_whatever_was_already_there PASSED [ 63%]
tests/test_portal.py::test_handle_token_does_not_mutate_the_caller_s_arguments PASSED [ 64%]
tests/test_portal.py::test_every_call_body_serialises PASSED             [ 65%]
tests/test_portal.py::test_the_marshaller_really_does_reject_a_bare_string PASSED [ 65%]
tests/test_portal.py::test_parse_streams_reads_serial_and_size PASSED    [ 66%]
tests/test_portal.py::test_parse_streams_survives_a_pre_v6_backend PASSED [ 67%]
tests/test_portal.py::test_parse_streams_on_an_empty_or_hostile_response PASSED [ 68%]
tests/test_portal.py::test_stream_without_a_size_is_reported_as_zero_not_guessed PASSED [ 68%]
tests/test_portal.py::test_target_prefers_the_serial_when_present PASSED [ 69%]
tests/test_portal.py::test_target_falls_back_to_the_node_id PASSED       [ 70%]
tests/test_portal.py::test_close_releases_the_fd_and_is_idempotent PASSED [ 71%]
tests/test_portal.py::test_available_returns_a_reason_not_an_exception PASSED [ 71%]
tests/test_protocol_sizes.py::test_struct_size_matches_cpp[VideoHeader-<10I4f2I-64] PASSED [ 72%]
tests/test_protocol_sizes.py::test_struct_size_matches_cpp[VideoFrameHeader-<4Iq-24] PASSED [ 73%]
tests/test_protocol_sizes.py::test_struct_size_matches_cpp[VideoResultHeader-<5Iq-28] PASSED [ 74%]
tests/test_protocol_sizes.py::test_struct_size_matches_cpp[VideoResizeCmd-<10I4f2I-64] PASSED [ 75%]
tests/test_protocol_sizes.py::test_struct_size_matches_cpp[VideoResizeAck-<4Iq-24] PASSED [ 75%]
tests/test_protocol_sizes.py::test_struct_size_matches_cpp[VideoShmCmd-<4Iq64s-88] PASSED [ 76%]
tests/test_protocol_sizes.py::test_struct_size_matches_cpp[VideoShmAck-<4Iq-24] PASSED [ 77%]
tests/test_protocol_sizes.py::test_struct_size_matches_cpp[VideoWindowCmd-<4Iq-24] PASSED [ 78%]
tests/test_protocol_sizes.py::test_struct_size_matches_cpp[VideoWindowAck-<4Iq-24] PASSED [ 78%]
tests/test_protocol_sizes.py::test_struct_size_matches_cpp[VideoMotionCmd-<4Iq-24] PASSED [ 79%]
tests/test_protocol_sizes.py::test_struct_size_matches_cpp[VideoMotionAck-<4Iq-24] PASSED [ 80%]
tests/test_protocol_sizes.py::test_struct_size_matches_cpp[VideoDdaCmd-<4Iq-24] PASSED [ 81%]
tests/test_protocol_sizes.py::test_struct_size_matches_cpp[VideoDdaAck-<4Iq-24] PASSED [ 81%]
tests/test_protocol_sizes.py::test_struct_size_matches_cpp[VideoWgcCmd-<4IqQ-32] PASSED [ 82%]
tests/test_protocol_sizes.py::test_struct_size_matches_cpp[VideoWgcAck-<4Iq-24] PASSED [ 83%]
tests/test_protocol_sizes.py::test_struct_size_matches_cpp[VideoGrayCmd-<4Iq64s-88] PASSED [ 84%]
tests/test_protocol_sizes.py::test_struct_size_matches_cpp[VideoGrayAck-<4Iq-24] PASSED [ 84%]
tests/test_protocol_sizes.py::test_struct_size_matches_cpp[VideoOutCmd-<4Iq64s-88] PASSED [ 85%]
tests/test_protocol_sizes.py::test_struct_size_matches_cpp[VideoOutAck-<4Iq-24] PASSED [ 86%]
tests/test_protocol_sizes.py::test_cpp_static_asserts_agree PASSED       [ 87%]
tests/test_protocol_sizes.py::test_header_is_64_bytes_packed PASSED      [ 87%]
tests/test_protocol_sizes.py::test_frame_header_pts_offset PASSED        [ 88%]
tests/test_protocol_sizes.py::test_magic_values PASSED                   [ 89%]
tests/test_tool_scripts.py::test_there_are_tools_to_check PASSED         [ 90%]
tests/test_tool_scripts.py::test_wayland_probe_is_covered PASSED         [ 90%]
tests/test_tool_scripts.py::test_every_tool_is_executable_on_disk PASSED [ 91%]
tests/test_tool_scripts.py::test_every_tool_has_a_shebang PASSED         [ 92%]
tests/test_tool_scripts.py::test_git_records_the_executable_bit PASSED   [ 93%]
tests/test_tool_scripts.py::test_a_python_tool_runs_by_its_documented_path PASSED [ 93%]
tests/test_worker_env_consistency.py::test_the_overrides_are_not_empty PASSED [ 94%]
tests/test_worker_env_consistency.py::test_python_constant_is_usable_as_a_wine_override PASSED [ 95%]
tests/test_worker_env_consistency.py::test_shell_scripts_use_the_same_overrides[run_worker.sh] PASSED [ 96%]
tests/test_worker_env_consistency.py::test_shell_scripts_use_the_same_overrides[m0_env_gate.sh] PASSED [ 96%]
tests/test_worker_env_consistency.py::test_shell_scripts_use_the_same_overrides[wine_ngx_setup.sh] PASSED [ 97%]
tests/test_worker_env_consistency.py::test_python_module_sets_it PASSED  [ 98%]
tests/test_worker_env_consistency.py::test_ns_override_wins PASSED       [ 99%]
tests/test_worker_env_consistency.py::test_enable_nvapi_is_set_everywhere PASSED [100%]

=========================== short test summary info ============================
SKIPPED [1] tests/test_capture_display.py:22: Xvfb not installed
SKIPPED [1] tests/test_capture_display.py:29: Xvfb not installed
SKIPPED [1] tests/test_capture_display.py:39: Xvfb not installed
SKIPPED [1] tests/test_capture_display.py:46: Xvfb not installed
SKIPPED [1] tests/test_capture_display.py:52: Xvfb not installed
SKIPPED [1] tests/test_capture_display.py:63: Xvfb not installed
SKIPPED [1] tests/test_capture_display.py:73: Xvfb not installed
SKIPPED [1] tests/test_capture_display.py:80: Xvfb not installed
SKIPPED [1] tests/test_capture_display.py:87: Xvfb not installed
SKIPPED [1] tests/test_capture_display.py:97: Xvfb not installed
SKIPPED [1] tests/test_cli_end_to_end.py:33: Xvfb not installed
SKIPPED [1] tests/test_cli_end_to_end.py:53: Xvfb not installed
SKIPPED [1] tests/test_cli_end_to_end.py:75: Xvfb not installed
SKIPPED [1] tests/test_cli_end_to_end.py:91: Xvfb not installed
SKIPPED [1] tests/test_cli_end_to_end.py:97: Xvfb not installed
SKIPPED [1] tests/test_m0_env_gate.py:40: M0 runs on the GPU box only; set NX_RUN_M0=1 to enable
SKIPPED [1] tests/test_m0_env_gate.py:45: M0 runs on the GPU box only; set NX_RUN_M0=1 to enable
SKIPPED [1] tests/test_m0_env_gate.py:50: M0 runs on the GPU box only; set NX_RUN_M0=1 to enable
SKIPPED [1] tests/test_m0_env_gate.py:56: M0 runs on the GPU box only; set NX_RUN_M0=1 to enable
SKIPPED [1] tests/test_m0_env_gate.py:102: M0 runs on the GPU box only; set NX_RUN_M0=1 to enable
SKIPPED [1] tests/test_m0_env_gate.py:112: M0 runs on the GPU box only; set NX_RUN_M0=1 to enable
SKIPPED [1] tests/test_m0_env_gate.py:122: M0 runs on the GPU box only; set NX_RUN_M0=1 to enable
SKIPPED [1] tests/test_m0_env_gate.py:133: M0 runs on the GPU box only; set NX_RUN_M0=1 to enable
SKIPPED [1] tests/test_m0_env_gate.py:141: M0 runs on the GPU box only; set NX_RUN_M0=1 to enable
SKIPPED [1] tests/test_m0_env_gate.py:153: M0 runs on the GPU box only; set NX_RUN_M0=1 to enable
SKIPPED [1] tests/test_m0_env_gate.py:162: M0 runs on the GPU box only; set NX_RUN_M0=1 to enable
======================= 106 passed, 26 skipped in 6.40s ========================
