============================= test session starts ==============================
platform linux -- Python 3.11.15, pytest-9.1.1, pluggy-1.6.0 -- /home/paul/dev/NeuralScreen-Linux/.venv/bin/python
rootdir: /home/paul/dev/NeuralScreen-Linux
configfile: pyproject.toml
collecting ... collected 60 items

tests/test_capture_display.py::test_capture_reports_a_resolution SKIPPED [  1%]
tests/test_capture_display.py::test_capture_returns_rgba_uint8 SKIPPED   [  3%]
tests/test_capture_display.py::test_capture_consecutive_frames_have_the_same_shape SKIPPED [  5%]
tests/test_capture_display.py::test_capture_rejects_a_missing_monitor SKIPPED [  6%]
tests/test_capture_display.py::test_list_monitors SKIPPED (Xvfb not ...) [  8%]
tests/test_capture_display.py::test_display_headless_presents_without_a_window SKIPPED [ 10%]
tests/test_capture_display.py::test_display_rejects_a_wrong_size SKIPPED [ 11%]
tests/test_capture_display.py::test_display_rejects_a_wrong_dtype SKIPPED [ 13%]
tests/test_capture_display.py::test_display_can_be_created_twice_in_a_row SKIPPED [ 15%]
tests/test_capture_display.py::test_display_polls_without_events SKIPPED [ 16%]
tests/test_cli_end_to_end.py::test_cli_runs_and_writes_both_pngs SKIPPED [ 18%]
tests/test_cli_end_to_end.py::test_cli_before_and_after_differ SKIPPED   [ 20%]
tests/test_cli_end_to_end.py::test_cli_pngs_match_the_capture_resolution SKIPPED [ 21%]
tests/test_cli_end_to_end.py::test_cli_list_monitors_runs SKIPPED (X...) [ 23%]
tests/test_cli_end_to_end.py::test_cli_reports_a_dead_worker SKIPPED     [ 25%]
tests/test_m0_env_gate.py::test_worker_binary_is_present PASSED          [ 26%]
tests/test_m0_env_gate.py::test_nr_runtime_is_present PASSED             [ 28%]
tests/test_m0_env_gate.py::test_sidecar_dlls_are_present PASSED          [ 30%]
tests/test_m0_env_gate.py::test_wine_is_available PASSED                 [ 31%]
tests/test_m0_env_gate.py::test_m0_worker_runs PASSED                    [ 33%]
tests/test_m0_env_gate.py::test_m0_ngx_initialises FAILED                [ 35%]
tests/test_m0_env_gate.py::test_m0_feature18_is_created FAILED           [ 36%]
tests/test_m0_env_gate.py::test_m0_evaluates_succeed FAILED              [ 38%]
tests/test_pipeline_mock.py::test_work_size[1920-1080-1920-1080] PASSED  [ 40%]
tests/test_pipeline_mock.py::test_work_size[2560-1440-2560-1440] PASSED  [ 41%]
tests/test_pipeline_mock.py::test_work_size[3840-2160-2560-1440] PASSED  [ 43%]
tests/test_pipeline_mock.py::test_work_size[100-100-100-100] PASSED      [ 45%]
tests/test_pipeline_mock.py::test_work_size[101-101-100-100] PASSED      [ 46%]
tests/test_pipeline_mock.py::test_work_size_never_exceeds_the_source PASSED [ 48%]
tests/test_pipeline_mock.py::test_worker_starts_and_sends_its_header PASSED [ 50%]
tests/test_pipeline_mock.py::test_one_frame_round_trip PASSED            [ 51%]
tests/test_pipeline_mock.py::test_frame_indices_are_paired PASSED        [ 53%]
tests/test_pipeline_mock.py::test_stop_terminates_the_worker PASSED      [ 55%]
tests/test_pipeline_mock.py::test_pipeline_runs_n_frames PASSED          [ 56%]
tests/test_pipeline_mock.py::test_pipeline_frames_differ_frame_to_frame PASSED [ 58%]
tests/test_pipeline_mock.py::test_pipeline_reports_worker_death PASSED   [ 60%]
tests/test_pipeline_mock.py::test_pipeline_quits_on_display_event PASSED [ 61%]
tests/test_protocol_sizes.py::test_struct_size_matches_cpp[VideoHeader-<10I4f2I-64] PASSED [ 63%]
tests/test_protocol_sizes.py::test_struct_size_matches_cpp[VideoFrameHeader-<4Iq-24] PASSED [ 65%]
tests/test_protocol_sizes.py::test_struct_size_matches_cpp[VideoResultHeader-<5Iq-28] PASSED [ 66%]
tests/test_protocol_sizes.py::test_struct_size_matches_cpp[VideoResizeCmd-<10I4f2I-64] PASSED [ 68%]
tests/test_protocol_sizes.py::test_struct_size_matches_cpp[VideoResizeAck-<4Iq-24] PASSED [ 70%]
tests/test_protocol_sizes.py::test_struct_size_matches_cpp[VideoShmCmd-<4Iq64s-88] PASSED [ 71%]
tests/test_protocol_sizes.py::test_struct_size_matches_cpp[VideoShmAck-<4Iq-24] PASSED [ 73%]
tests/test_protocol_sizes.py::test_struct_size_matches_cpp[VideoWindowCmd-<4Iq-24] PASSED [ 75%]
tests/test_protocol_sizes.py::test_struct_size_matches_cpp[VideoWindowAck-<4Iq-24] PASSED [ 76%]
tests/test_protocol_sizes.py::test_struct_size_matches_cpp[VideoMotionCmd-<4Iq-24] PASSED [ 78%]
tests/test_protocol_sizes.py::test_struct_size_matches_cpp[VideoMotionAck-<4Iq-24] PASSED [ 80%]
tests/test_protocol_sizes.py::test_struct_size_matches_cpp[VideoDdaCmd-<4Iq-24] PASSED [ 81%]
tests/test_protocol_sizes.py::test_struct_size_matches_cpp[VideoDdaAck-<4Iq-24] PASSED [ 83%]
tests/test_protocol_sizes.py::test_struct_size_matches_cpp[VideoWgcCmd-<4IqQ-32] PASSED [ 85%]
tests/test_protocol_sizes.py::test_struct_size_matches_cpp[VideoWgcAck-<4Iq-24] PASSED [ 86%]
tests/test_protocol_sizes.py::test_struct_size_matches_cpp[VideoGrayCmd-<4Iq64s-88] PASSED [ 88%]
tests/test_protocol_sizes.py::test_struct_size_matches_cpp[VideoGrayAck-<4Iq-24] PASSED [ 90%]
tests/test_protocol_sizes.py::test_struct_size_matches_cpp[VideoOutCmd-<4Iq64s-88] PASSED [ 91%]
tests/test_protocol_sizes.py::test_struct_size_matches_cpp[VideoOutAck-<4Iq-24] PASSED [ 93%]
tests/test_protocol_sizes.py::test_cpp_static_asserts_agree PASSED       [ 95%]
tests/test_protocol_sizes.py::test_header_is_64_bytes_packed PASSED      [ 96%]
tests/test_protocol_sizes.py::test_frame_header_pts_offset PASSED        [ 98%]
tests/test_protocol_sizes.py::test_magic_values PASSED                   [100%]

=================================== FAILURES ===================================
___________________________ test_m0_ngx_initialises ____________________________
tests/test_m0_env_gate.py:101: in test_m0_ngx_initialises
    assert "Success" in combined, (
E   AssertionError: NVSDK_NGX_D3D12_Init did not report Success.
E     06:14:35.002  [host] adapter 0: NVIDIA GeForce RTX 4080 SUPER vendor=0x10DE
E     06:14:35.089  [pure] standalone D3D12 device ready; no swapchain or carrier modules
E     06:14:35.112  [host] NVSDK_NGX_D3D12_Init -> 0xBAD00002 (?)
E     06:14:35.112  [host] Init_with_ProjectID -> 0xBAD00002 (?)
E     00fc:fixme:wineusb:add_usb_device Interface 1 has 2 alternate settings; using the first one.
E     06:14:35.002  [host] adapter 0: NVIDIA GeForce RTX 4080 SUPER vendor=0x10DE
E     06:14:35.089  [pure] standalone D3D12 device ready; no swapchain or carrier modules
E     06:14:35.112  [host] NVSDK_NGX_D3D12_Init -> 0xBAD00002 (?)
E     06:14:35.112  [host] Init_with_ProjectID -> 0xBAD00002 (?)
E   assert 'Success' in '06:14:34.847  dlss5-feed-host64 (built Sep 11 2026 17:26:14)\n06:14:35.002  [host] adapter 0: NVIDIA GeForce RTX 4080 SUPER vendor=0x10DE\n06:14:35.089  [host] DRED settings unavailable (settings1=0x80004002, settings=0x80004002)\n06:14:35.089  [pure] standalone D3D12 device ready; no swapchain or carrier modules\n06:14:35.112  [host] NVSDK_NGX_D3D12_Init -> 0xBAD00002 (?)\n06:14:35.112  [host] Init_with_ProjectID -> 0xBAD00002 (?)\n06:14:35.112  [host] NGX unavailable\n002c:fixme:winediag:loader_init wine-staging 11.17 is a testing version containing experimental patches.\n002c:fixme:winediag:loader_init Please mention your exact version when filing bug reports on winehq.org.\nMESA-EGL: warning: pci id for fd 39: 10de:2702, driver (null)\npci id for fd 40: 10de:2702, driver (null)\npci id for fd 41: 10de:2702, driver (null)\nMESA-EGL: warning: egl: failed to create dri2 screen\nMESA-EGL: warning: pci id for fd 39: 10de:2702, driver (null)\npci id for fd 40: 10de:2702, driver (null)\npci id for fd 41: 10de:2702, driver (null)\nMESA-EGL: warning: egl: failed to create dri2 screen\nMESA-EGL: warning: pci id for fd 39: 10de:2702, driver (null)\n00fc:fixme:wineusb:add_usb_device Int...d to create dri2 screen\nMESA-EGL: warning: pci id for fd 44: 10de:2702, driver (null)\n0024:fixme:ntdll:NtQuerySystemInformation info_class SYSTEM_PERFORMANCE_INFORMATION\n0024:fixme:d3dkmt:NtGdiDdDDIQueryAdapterInfo type 48 not handled.\n0024:fixme:d3dkmt:NtGdiDdDDIQueryAdapterInfo type 48 not handled.\n0024:fixme:cryptasn:CryptDecodeObjectEx Unsupported decoder for lpszStructType 1.3.6.1.4.1.311.2.1.4\n0024:fixme:cryptasn:CryptDecodeObjectEx Unsupported decoder for lpszStructType 1.3.6.1.4.1.311.2.1.4\n014c:fixme:winediag:loader_init wine-staging 11.17 is a testing version containing experimental patches.\n014c:fixme:winediag:loader_init Please mention your exact version when filing bug reports on winehq.org.\n06:14:34.847  dlss5-feed-host64 (built Sep 11 2026 17:26:14)\n06:14:35.002  [host] adapter 0: NVIDIA GeForce RTX 4080 SUPER vendor=0x10DE\n06:14:35.089  [host] DRED settings unavailable (settings1=0x80004002, settings=0x80004002)\n06:14:35.089  [pure] standalone D3D12 device ready; no swapchain or carrier modules\n06:14:35.112  [host] NVSDK_NGX_D3D12_Init -> 0xBAD00002 (?)\n06:14:35.112  [host] Init_with_ProjectID -> 0xBAD00002 (?)\n06:14:35.112  [host] NGX unavailable\n'
_________________________ test_m0_feature18_is_created _________________________
tests/test_m0_env_gate.py:110: in test_m0_feature18_is_created
    assert "feature 18 ready" in combined, (
E   AssertionError: the NR feature was never created.
E     MESA-EGL: warning: egl: failed to create dri2 screen
E     MESA-EGL: warning: egl: failed to create dri2 screen
E     0024:fixme:win:create_window_handle DPI context 0x22 not implemented
E     MESA-EGL: warning: egl: failed to create dri2 screen
E     MESA-EGL: warning: egl: failed to create dri2 screen
E   assert 'feature 18 ready' in '06:14:34.847  dlss5-feed-host64 (built Sep 11 2026 17:26:14)\n06:14:35.002  [host] adapter 0: NVIDIA GeForce RTX 4080 SUPER vendor=0x10DE\n06:14:35.089  [host] DRED settings unavailable (settings1=0x80004002, settings=0x80004002)\n06:14:35.089  [pure] standalone D3D12 device ready; no swapchain or carrier modules\n06:14:35.112  [host] NVSDK_NGX_D3D12_Init -> 0xBAD00002 (?)\n06:14:35.112  [host] Init_with_ProjectID -> 0xBAD00002 (?)\n06:14:35.112  [host] NGX unavailable\n002c:fixme:winediag:loader_init wine-staging 11.17 is a testing version containing experimental patches.\n002c:fixme:winediag:loader_init Please mention your exact version when filing bug reports on winehq.org.\nMESA-EGL: warning: pci id for fd 39: 10de:2702, driver (null)\npci id for fd 40: 10de:2702, driver (null)\npci id for fd 41: 10de:2702, driver (null)\nMESA-EGL: warning: egl: failed to create dri2 screen\nMESA-EGL: warning: pci id for fd 39: 10de:2702, driver (null)\npci id for fd 40: 10de:2702, driver (null)\npci id for fd 41: 10de:2702, driver (null)\nMESA-EGL: warning: egl: failed to create dri2 screen\nMESA-EGL: warning: pci id for fd 39: 10de:2702, driver (null)\n00fc:fixme:wineusb:add_usb_device Int...d to create dri2 screen\nMESA-EGL: warning: pci id for fd 44: 10de:2702, driver (null)\n0024:fixme:ntdll:NtQuerySystemInformation info_class SYSTEM_PERFORMANCE_INFORMATION\n0024:fixme:d3dkmt:NtGdiDdDDIQueryAdapterInfo type 48 not handled.\n0024:fixme:d3dkmt:NtGdiDdDDIQueryAdapterInfo type 48 not handled.\n0024:fixme:cryptasn:CryptDecodeObjectEx Unsupported decoder for lpszStructType 1.3.6.1.4.1.311.2.1.4\n0024:fixme:cryptasn:CryptDecodeObjectEx Unsupported decoder for lpszStructType 1.3.6.1.4.1.311.2.1.4\n014c:fixme:winediag:loader_init wine-staging 11.17 is a testing version containing experimental patches.\n014c:fixme:winediag:loader_init Please mention your exact version when filing bug reports on winehq.org.\n06:14:34.847  dlss5-feed-host64 (built Sep 11 2026 17:26:14)\n06:14:35.002  [host] adapter 0: NVIDIA GeForce RTX 4080 SUPER vendor=0x10DE\n06:14:35.089  [host] DRED settings unavailable (settings1=0x80004002, settings=0x80004002)\n06:14:35.089  [pure] standalone D3D12 device ready; no swapchain or carrier modules\n06:14:35.112  [host] NVSDK_NGX_D3D12_Init -> 0xBAD00002 (?)\n06:14:35.112  [host] Init_with_ProjectID -> 0xBAD00002 (?)\n06:14:35.112  [host] NGX unavailable\n'
__________________________ test_m0_evaluates_succeed ___________________________
tests/test_m0_env_gate.py:120: in test_m0_evaluates_succeed
    assert m, f"the worker never reported a test summary.\n{combined[-2000:]}"
E   AssertionError: the worker never reported a test summary.
E     Unhandled ID query type 0x5.
E     00b4:fixme:wineusb:query_id Unhandled ID query type 0x5.
E     00b4:fixme:wineusb:query_id Unhandled ID query type 0x5.
E     00b4:fixme:wineusb:query_id Unhandled ID query type 0x5.
E     00b4:fixme:wineusb:query_id Unhandled ID query type 0x5.
E     00b4:fixme:wineusb:query_id Unhandled ID query type 0x5.
E     00b4:fixme:wineusb:query_id Unhandled ID query type 0x5.
E     0024:fixme:win:create_window_handle DPI context 0x22 not implemented
E     MESA-EGL: warning: pci id for fd 44: 10de:2702, driver (null)
E     pci id for fd 45: 10de:2702, driver (null)
E     pci id for fd 46: 10de:2702, driver (null)
E     MESA-EGL: warning: egl: failed to create dri2 screen
E     MESA-EGL: warning: pci id for fd 44: 10de:2702, driver (null)
E     pci id for fd 45: 10de:2702, driver (null)
E     pci id for fd 46: 10de:2702, driver (null)
E     MESA-EGL: warning: egl: failed to create dri2 screen
E     MESA-EGL: warning: pci id for fd 44: 10de:2702, driver (null)
E     0024:fixme:ntdll:NtQuerySystemInformation info_class SYSTEM_PERFORMANCE_INFORMATION
E     0024:fixme:d3dkmt:NtGdiDdDDIQueryAdapterInfo type 48 not handled.
E     0024:fixme:d3dkmt:NtGdiDdDDIQueryAdapterInfo type 48 not handled.
E     0024:fixme:cryptasn:CryptDecodeObjectEx Unsupported decoder for lpszStructType 1.3.6.1.4.1.311.2.1.4
E     0024:fixme:cryptasn:CryptDecodeObjectEx Unsupported decoder for lpszStructType 1.3.6.1.4.1.311.2.1.4
E     014c:fixme:winediag:loader_init wine-staging 11.17 is a testing version containing experimental patches.
E     014c:fixme:winediag:loader_init Please mention your exact version when filing bug reports on winehq.org.
E     06:14:34.847  dlss5-feed-host64 (built Sep 11 2026 17:26:14)
E     06:14:35.002  [host] adapter 0: NVIDIA GeForce RTX 4080 SUPER vendor=0x10DE
E     06:14:35.089  [host] DRED settings unavailable (settings1=0x80004002, settings=0x80004002)
E     06:14:35.089  [pure] standalone D3D12 device ready; no swapchain or carrier modules
E     06:14:35.112  [host] NVSDK_NGX_D3D12_Init -> 0xBAD00002 (?)
E     06:14:35.112  [host] Init_with_ProjectID -> 0xBAD00002 (?)
E     06:14:35.112  [host] NGX unavailable
E     
E   assert None
=========================== short test summary info ============================
SKIPPED [1] tests/test_capture_display.py:22: Xvfb not installed
SKIPPED [1] tests/test_capture_display.py:29: Xvfb not installed
SKIPPED [1] tests/test_capture_display.py:39: Xvfb not installed
SKIPPED [1] tests/test_capture_display.py:46: Xvfb not installed
SKIPPED [1] tests/test_capture_display.py:52: Xvfb not installed
SKIPPED [1] tests/test_capture_display.py:63: Xvfb not installed
SKIPPED [1] tests/test_capture_display.py:73: Xvfb not installed
SKIPPED [1] tests/test_capture_display.py:80: Xvfb not installed
SKIPPED [1] tests/test_capture_display.py:87: Xvfb not installed
SKIPPED [1] tests/test_capture_display.py:97: Xvfb not installed
SKIPPED [1] tests/test_cli_end_to_end.py:33: Xvfb not installed
SKIPPED [1] tests/test_cli_end_to_end.py:53: Xvfb not installed
SKIPPED [1] tests/test_cli_end_to_end.py:75: Xvfb not installed
SKIPPED [1] tests/test_cli_end_to_end.py:91: Xvfb not installed
SKIPPED [1] tests/test_cli_end_to_end.py:97: Xvfb not installed
FAILED tests/test_m0_env_gate.py::test_m0_ngx_initialises - AssertionError: N...
FAILED tests/test_m0_env_gate.py::test_m0_feature18_is_created - AssertionErr...
FAILED tests/test_m0_env_gate.py::test_m0_evaluates_succeed - AssertionError:...
================== 3 failed, 42 passed, 15 skipped in 10.93s ===================
