============================= test session starts ==============================
platform linux -- Python 3.13.5, pytest-9.1.1, pluggy-1.6.0 -- /opt/data/neuralscreen-linux/.venv/bin/python
rootdir: /opt/data/neuralscreen-linux
configfile: pyproject.toml
collecting ... collected 60 items

tests/test_capture_display.py::test_capture_reports_a_resolution PASSED  [  1%]
tests/test_capture_display.py::test_capture_returns_rgba_uint8 PASSED    [  3%]
tests/test_capture_display.py::test_capture_consecutive_frames_have_the_same_shape PASSED [  5%]
tests/test_capture_display.py::test_capture_rejects_a_missing_monitor PASSED [  6%]
tests/test_capture_display.py::test_list_monitors PASSED                 [  8%]
tests/test_capture_display.py::test_display_headless_presents_without_a_window PASSED [ 10%]
tests/test_capture_display.py::test_display_rejects_a_wrong_size PASSED  [ 11%]
tests/test_capture_display.py::test_display_rejects_a_wrong_dtype PASSED [ 13%]
tests/test_capture_display.py::test_display_can_be_created_twice_in_a_row PASSED [ 15%]
tests/test_capture_display.py::test_display_polls_without_events PASSED  [ 16%]
tests/test_cli_end_to_end.py::test_cli_runs_and_writes_both_pngs PASSED  [ 18%]
tests/test_cli_end_to_end.py::test_cli_before_and_after_differ PASSED    [ 20%]
tests/test_cli_end_to_end.py::test_cli_pngs_match_the_capture_resolution PASSED [ 21%]
tests/test_cli_end_to_end.py::test_cli_list_monitors_runs PASSED         [ 23%]
tests/test_cli_end_to_end.py::test_cli_reports_a_dead_worker PASSED      [ 25%]
tests/test_m0_env_gate.py::test_worker_binary_is_present SKIPPED (M0...) [ 26%]
tests/test_m0_env_gate.py::test_nr_runtime_is_present SKIPPED (M0 ru...) [ 28%]
tests/test_m0_env_gate.py::test_sidecar_dlls_are_present SKIPPED (M0...) [ 30%]
tests/test_m0_env_gate.py::test_wine_is_available SKIPPED (M0 runs o...) [ 31%]
tests/test_m0_env_gate.py::test_m0_worker_runs SKIPPED (M0 runs on t...) [ 33%]
tests/test_m0_env_gate.py::test_m0_ngx_initialises SKIPPED (M0 runs ...) [ 35%]
tests/test_m0_env_gate.py::test_m0_feature18_is_created SKIPPED (M0 ...) [ 36%]
tests/test_m0_env_gate.py::test_m0_evaluates_succeed SKIPPED (M0 run...) [ 38%]
tests/test_pipeline_mock.py::test_work_size[1920-1080-1920-1080] PASSED  [ 40%]
tests/test_pipeline_mock.py::test_work_size[2560-1440-2560-1440] PASSED  [ 41%]
tests/test_pipeline_mock.py::test_work_size[3840-2160-2560-1440] PASSED  [ 43%]
tests/test_pipeline_mock.py::test_work_size[100-100-100-100] PASSED      [ 45%]
tests/test_pipeline_mock.py::test_work_size[101-101-100-100] PASSED      [ 46%]
tests/test_pipeline_mock.py::test_work_size_never_exceeds_the_source PASSED [ 48%]
tests/test_pipeline_mock.py::test_worker_starts_and_sends_its_header PASSED [ 50%]
tests/test_pipeline_mock.py::test_one_frame_round_trip PASSED            [ 51%]
tests/test_pipeline_mock.py::test_frame_indices_are_paired PASSED        [ 53%]
tests/test_pipeline_mock.py::test_stop_terminates_the_worker PASSED      [ 55%]
tests/test_pipeline_mock.py::test_pipeline_runs_n_frames PASSED          [ 56%]
tests/test_pipeline_mock.py::test_pipeline_frames_differ_frame_to_frame PASSED [ 58%]
tests/test_pipeline_mock.py::test_pipeline_reports_worker_death PASSED   [ 60%]
tests/test_pipeline_mock.py::test_pipeline_quits_on_display_event PASSED [ 61%]
tests/test_protocol_sizes.py::test_struct_size_matches_cpp[VideoHeader-<10I4f2I-64] PASSED [ 63%]
tests/test_protocol_sizes.py::test_struct_size_matches_cpp[VideoFrameHeader-<4Iq-24] PASSED [ 65%]
tests/test_protocol_sizes.py::test_struct_size_matches_cpp[VideoResultHeader-<5Iq-28] PASSED [ 66%]
tests/test_protocol_sizes.py::test_struct_size_matches_cpp[VideoResizeCmd-<10I4f2I-64] PASSED [ 68%]
tests/test_protocol_sizes.py::test_struct_size_matches_cpp[VideoResizeAck-<4Iq-24] PASSED [ 70%]
tests/test_protocol_sizes.py::test_struct_size_matches_cpp[VideoShmCmd-<4Iq64s-88] PASSED [ 71%]
tests/test_protocol_sizes.py::test_struct_size_matches_cpp[VideoShmAck-<4Iq-24] PASSED [ 73%]
tests/test_protocol_sizes.py::test_struct_size_matches_cpp[VideoWindowCmd-<4Iq-24] PASSED [ 75%]
tests/test_protocol_sizes.py::test_struct_size_matches_cpp[VideoWindowAck-<4Iq-24] PASSED [ 76%]
tests/test_protocol_sizes.py::test_struct_size_matches_cpp[VideoMotionCmd-<4Iq-24] PASSED [ 78%]
tests/test_protocol_sizes.py::test_struct_size_matches_cpp[VideoMotionAck-<4Iq-24] PASSED [ 80%]
tests/test_protocol_sizes.py::test_struct_size_matches_cpp[VideoDdaCmd-<4Iq-24] PASSED [ 81%]
tests/test_protocol_sizes.py::test_struct_size_matches_cpp[VideoDdaAck-<4Iq-24] PASSED [ 83%]
tests/test_protocol_sizes.py::test_struct_size_matches_cpp[VideoWgcCmd-<4IqQ-32] PASSED [ 85%]
tests/test_protocol_sizes.py::test_struct_size_matches_cpp[VideoWgcAck-<4Iq-24] PASSED [ 86%]
tests/test_protocol_sizes.py::test_struct_size_matches_cpp[VideoGrayCmd-<4Iq64s-88] PASSED [ 88%]
tests/test_protocol_sizes.py::test_struct_size_matches_cpp[VideoGrayAck-<4Iq-24] PASSED [ 90%]
tests/test_protocol_sizes.py::test_struct_size_matches_cpp[VideoOutCmd-<4Iq64s-88] PASSED [ 91%]
tests/test_protocol_sizes.py::test_struct_size_matches_cpp[VideoOutAck-<4Iq-24] PASSED [ 93%]
tests/test_protocol_sizes.py::test_cpp_static_asserts_agree PASSED       [ 95%]
tests/test_protocol_sizes.py::test_header_is_64_bytes_packed PASSED      [ 96%]
tests/test_protocol_sizes.py::test_frame_header_pts_offset PASSED        [ 98%]
tests/test_protocol_sizes.py::test_magic_values PASSED                   [100%]

======================== 52 passed, 8 skipped in 12.32s ========================
