============================= test session starts ==============================
platform linux -- Python 3.11.15, pytest-9.1.1, pluggy-1.6.0 -- /home/paul/dev/NeuralScreen-Linux/.venv/bin/python
rootdir: /home/paul/dev/NeuralScreen-Linux
configfile: pyproject.toml
collecting ... collected 232 items

tests/test_capture_display.py::test_capture_reports_a_resolution SKIPPED [  0%]
tests/test_capture_display.py::test_capture_returns_rgba_uint8 SKIPPED   [  0%]
tests/test_capture_display.py::test_capture_consecutive_frames_have_the_same_shape SKIPPED [  1%]
tests/test_capture_display.py::test_capture_rejects_a_missing_monitor SKIPPED [  1%]
tests/test_capture_display.py::test_list_monitors SKIPPED (Xvfb not ...) [  2%]
tests/test_capture_display.py::test_display_headless_presents_without_a_window SKIPPED [  2%]
tests/test_capture_display.py::test_display_rejects_a_wrong_size SKIPPED [  3%]
tests/test_capture_display.py::test_display_rejects_a_wrong_dtype SKIPPED [  3%]
tests/test_capture_display.py::test_display_can_be_created_twice_in_a_row SKIPPED [  3%]
tests/test_capture_display.py::test_display_polls_without_events SKIPPED [  4%]
tests/test_capture_sources.py::test_synthetic_reports_the_requested_resolution PASSED [  4%]
tests/test_capture_sources.py::test_synthetic_returns_rgba_uint8_of_the_right_shape PASSED [  5%]
tests/test_capture_sources.py::test_synthetic_frames_are_not_all_the_same PASSED [  5%]
tests/test_capture_sources.py::test_synthetic_has_texture_in_every_channel PASSED [  6%]
tests/test_capture_sources.py::test_synthetic_frames_actually_move PASSED [  6%]
tests/test_capture_sources.py::test_image_replays_a_written_file PASSED  [  6%]
tests/test_capture_sources.py::test_image_rejects_an_unreadable_file PASSED [  7%]
tests/test_capture_sources.py::test_open_capture_dispatches PASSED       [  7%]
tests/test_capture_sources.py::test_open_capture_image_requires_a_path PASSED [  8%]
tests/test_capture_sources.py::test_open_capture_rejects_an_unknown_source PASSED [  8%]
tests/test_capture_sources.py::test_open_capture_image_reads_the_file PASSED [  9%]
tests/test_capture_sources.py::test_save_png_round_trips_the_colours PASSED [  9%]
tests/test_capture_sources.py::test_the_old_channel_reversal_is_not_equivalent PASSED [  9%]
tests/test_capture_wayland.py::test_pipeline_hands_pipewiresrc_the_fd PASSED [ 10%]
tests/test_capture_wayland.py::test_pipeline_targets_the_stream_by_serial PASSED [ 10%]
tests/test_capture_wayland.py::test_pipeline_uses_the_node_id_when_there_is_no_serial PASSED [ 11%]
tests/test_capture_wayland.py::test_pipeline_asks_for_rgba_at_the_portal_size PASSED [ 11%]
tests/test_capture_wayland.py::test_pipeline_drops_stale_frames PASSED   [ 12%]
tests/test_capture_wayland.py::test_pipeline_writes_raw_frames_to_our_stdout PASSED [ 12%]
tests/test_capture_wayland.py::test_pipeline_is_quiet_by_default PASSED  [ 12%]
tests/test_capture_wayland.py::test_requirements_names_the_missing_gstreamer PASSED [ 13%]
tests/test_capture_wayland.py::test_requirements_names_a_missing_pipewiresrc PASSED [ 13%]
tests/test_capture_wayland.py::test_grab_refuses_when_the_pipeline_is_not_running PASSED [ 14%]
tests/test_capture_wayland.py::test_grab_explains_a_truncated_frame_with_the_pipeline_stderr PASSED [ 14%]
tests/test_capture_wayland.py::test_grab_assembles_a_frame_across_short_reads PASSED [ 15%]
tests/test_capture_wayland.py::test_constructor_refuses_clearly_when_requirements_are_missing PASSED [ 15%]
tests/test_capture_wayland.py::test_close_is_safe_without_a_pipeline PASSED [ 15%]
tests/test_capture_wayland.py::test_videoscale_is_in_the_pipeline_by_default PASSED [ 16%]
tests/test_capture_wayland.py::test_videoscale_can_be_dropped PASSED     [ 16%]
tests/test_capture_wayland.py::test_window_capture_asks_the_portal_for_a_window PASSED [ 17%]
tests/test_cli_end_to_end.py::test_cli_runs_and_writes_both_pngs SKIPPED [ 17%]
tests/test_cli_end_to_end.py::test_cli_before_and_after_differ SKIPPED   [ 18%]
tests/test_cli_end_to_end.py::test_cli_pngs_match_the_capture_resolution SKIPPED [ 18%]
tests/test_cli_end_to_end.py::test_cli_list_monitors_runs SKIPPED (X...) [ 18%]
tests/test_cli_end_to_end.py::test_cli_reports_a_dead_worker SKIPPED     [ 19%]
tests/test_cli_params.py::test_no_overrides_gives_the_defaults PASSED    [ 19%]
tests/test_cli_params.py::test_a_float_parameter_is_read_as_a_float PASSED [ 20%]
tests/test_cli_params.py::test_an_integer_parameter_is_read_as_an_integer PASSED [ 20%]
tests/test_cli_params.py::test_overrides_apply_in_order_and_stack PASSED [ 21%]
tests/test_cli_params.py::test_the_control_combination_is_expressible PASSED [ 21%]
tests/test_cli_params.py::test_an_unknown_name_is_rejected_with_the_real_names PASSED [ 21%]
tests/test_cli_params.py::test_a_missing_equals_is_rejected PASSED       [ 22%]
tests/test_cli_params.py::test_a_non_numeric_value_is_rejected PASSED    [ 22%]
tests/test_cli_params.py::test_parsing_does_not_mutate_the_defaults PASSED [ 23%]
tests/test_cli_params.py::test_help_documents_the_flag_and_the_known_names PASSED [ 23%]
tests/test_cli_params.py::test_the_cli_fails_fast_on_a_bad_parameter PASSED [ 24%]
tests/test_cli_params.py::test_help_documents_the_work_scale PASSED      [ 24%]
tests/test_cli_params.py::test_the_work_scale_defaults_to_full_resolution PASSED [ 25%]
tests/test_cli_params.py::test_a_work_scale_outside_the_range_is_rejected[0] PASSED [ 25%]
tests/test_cli_params.py::test_a_work_scale_outside_the_range_is_rejected[-0.5] PASSED [ 25%]
tests/test_cli_params.py::test_a_work_scale_outside_the_range_is_rejected[1.5] PASSED [ 26%]
tests/test_cli_params.py::test_a_work_scale_outside_the_range_is_rejected[2] PASSED [ 26%]
tests/test_cli_params.py::test_help_documents_the_size_flag PASSED       [ 27%]
tests/test_cli_params.py::test_synthetic_honours_a_forced_size PASSED    [ 27%]
tests/test_cli_params.py::test_the_size_flag_reaches_the_source PASSED   [ 28%]
tests/test_cli_params.py::test_a_bad_size_is_rejected_before_a_screen_opens[nope] PASSED [ 28%]
tests/test_cli_params.py::test_a_bad_size_is_rejected_before_a_screen_opens[2560] PASSED [ 28%]
tests/test_cli_params.py::test_a_bad_size_is_rejected_before_a_screen_opens[2560x] PASSED [ 29%]
tests/test_cli_params.py::test_a_bad_size_is_rejected_before_a_screen_opens[x1440] PASSED [ 29%]
tests/test_cli_params.py::test_a_bad_size_is_rejected_before_a_screen_opens[10x10] PASSED [ 30%]
tests/test_cli_params.py::test_a_bad_size_is_rejected_before_a_screen_opens[0x0] PASSED [ 30%]
tests/test_cpu.py::test_a_busy_process_is_about_one_core PASSED          [ 31%]
tests/test_cpu.py::test_an_executable_whose_name_has_a_space_is_read_correctly 