============================= test session starts ==============================
platform linux -- Python 3.11.15, pytest-9.1.1, pluggy-1.6.0 -- /home/paul/dev/NeuralScreen-Linux/.venv/bin/python
rootdir: /home/paul/dev/NeuralScreen-Linux
configfile: pyproject.toml
collecting ... collected 71 items

tests/test_capture_display.py::test_capture_reports_a_resolution SKIPPED [  1%]
tests/test_capture_display.py::test_capture_returns_rgba_uint8 SKIPPED   [  2%]
tests/test_capture_display.py::test_capture_consecutive_frames_have_the_same_shape SKIPPED [  4%]
tests/test_capture_display.py::test_capture_rejects_a_missing_monitor SKIPPED [  5%]
tests/test_capture_display.py::test_list_monitors SKIPPED (Xvfb not ...) [  7%]
tests/test_capture_display.py::test_display_headless_presents_without_a_window SKIPPED [  8%]
tests/test_capture_display.py::test_display_rejects_a_wrong_size SKIPPED [  9%]
tests/test_capture_display.py::test_display_rejects_a_wrong_dtype SKIPPED [ 11%]
tests/test_capture_display.py::test_display_can_be_created_twice_in_a_row SKIPPED [ 12%]
tests/test_capture_display.py::test_display_polls_without_events SKIPPED [ 14%]
tests/test_cli_end_to_end.py::test_cli_runs_and_writes_both_pngs SKIPPED [ 15%]
tests/test_cli_end_to_end.py::test_cli_before_and_after_differ SKIPPED   [ 16%]
tests/test_cli_end_to_end.py::test_cli_pngs_match_the_capture_resolution SKIPPED [ 18%]
tests/test_cli_end_to_end.py::test_cli_list_monitors_runs SKIPPED (X...) [ 19%]
tests/test_cli_end_to_end.py::test_cli_reports_a_dead_worker SKIPPED     [ 21%]
tests/test_m0_env_gate.py::test_worker_binary_is_present PASSED          [ 22%]
tests/test_m0_env_gate.py::test_nr_runtime_is_present PASSED             [ 23%]
tests/test_m0_env_gate.py::test_sidecar_dlls_are_present PASSED          [ 25%]
tests/test_m0_env_gate.py::test_wine_is_available PASSED                 [ 26%]
tests/test_m0_env_gate.py::test_m0_uses_the_canonical_environment PASSED [ 28%]
tests/test_m0_env_gate.py::test_m0_no_ngx_core_not_found_error PASSED    [ 29%]
tests/test_m0_env_gate.py::test_m0_no_platform_error FAILED              [ 30%]
tests/test_m0_env_gate.py::test_m0_worker_runs PASSED                    [ 32%]
tests/test_m0_env_gate.py::test_m0_ngx_initialises FAILED                [ 33%]
tests/test_m0_env_gate.py::test_m0_feature18_is_created FAILED           [ 35%]
tests/test_m0_env_gate.py::test_m0_evaluates_succeed FAILED              [ 36%]
tests/test_pipeline_mock.py::test_work_size[1920-1080-1920-1080] PASSED  [ 38%]
tests/test_pipeline_mock.py::test_work_size[2560-1440-2560-1440] PASSED  [ 39%]
tests/test_pipeline_mock.py::test_work_size[3840-2160-2560-1440] PASSED  [ 40%]
tests/test_pipeline_mock.py::test_work_size[100-100-100-100] PASSED      [ 42%]
tests/test_pipeline_mock.py::test_work_size[101-101-100-100] PASSED      [ 43%]
tests/test_pipeline_mock.py::test_work_size_never_exceeds_the_source PASSED [ 45%]
tests/test_pipeline_mock.py::test_worker_starts_and_sends_its_header PASSED [ 46%]
tests/test_pipeline_mock.py::test_one_frame_round_trip PASSED            [ 47%]
tests/test_pipeline_mock.py::test_frame_indices_are_paired PASSED        [ 49%]
tests/test_pipeline_mock.py::test_stop_terminates_the_worker PASSED      [ 50%]
tests/test_pipeline_mock.py::test_pipeline_runs_n_frames PASSED          [ 52%]
tests/test_pipeline_mock.py::test_pipeline_frames_differ_frame_to_frame PASSED [ 53%]
tests/test_pipeline_mock.py::test_pipeline_reports_worker_death PASSED   [ 54%]
tests/test_pipeline_mock.py::test_pipeline_quits_on_display_event PASSED [ 56%]
tests/test_protocol_sizes.py::test_struct_size_matches_cpp[VideoHeader-<10I4f2I-64] PASSED [ 57%]
tests/test_protocol_sizes.py::test_struct_size_matches_cpp[VideoFrameHeader-<4Iq-24] PASSED [ 59%]
tests/test_protocol_sizes.py::test_struct_size_matches_cpp[VideoResultHeader-<5Iq-28] PASSED [ 60%]
tests/test_protocol_sizes.py::test_struct_size_matches_cpp[VideoResizeCmd-<10I4f2I-64] PASSED [ 61%]
tests/test_protocol_sizes.py::test_struct_size_matches_cpp[VideoResizeAck-<4Iq-24] PASSED [ 63%]
tests/test_protocol_sizes.py::test_struct_size_matches_cpp[VideoShmCmd-<4Iq64s-88] PASSED [ 64%]
tests/test_protocol_sizes.py::test_struct_size_matches_cpp[VideoShmAck-<4Iq-24] PASSED [ 66%]
tests/test_protocol_sizes.py::test_struct_size_matches_cpp[VideoWindowCmd-<4Iq-24] PASSED [ 67%]
tests/test_protocol_sizes.py::test_struct_size_matches_cpp[VideoWindowAck-<4Iq-24] PASSED [ 69%]
tests/test_protocol_sizes.py::test_struct_size_matches_cpp[VideoMotionCmd-<4Iq-24] PASSED [ 70%]
tests/test_protocol_sizes.py::test_struct_size_matches_cpp[VideoMotionAck-<4Iq-24] PASSED [ 71%]
tests/test_protocol_sizes.py::test_struct_size_matches_cpp[VideoDdaCmd-<4Iq-24] PASSED [ 73%]
tests/test_protocol_sizes.py::test_struct_size_matches_cpp[VideoDdaAck-<4Iq-24] PASSED [ 74%]
tests/test_protocol_sizes.py::test_struct_size_matches_cpp[VideoWgcCmd-<4IqQ-32] PASSED [ 76%]
tests/test_protocol_sizes.py::test_struct_size_matches_cpp[VideoWgcAck-<4Iq-24] PASSED [ 77%]
tests/test_protocol_sizes.py::test_struct_size_matches_cpp[VideoGrayCmd-<4Iq64s-88] PASSED [ 78%]
tests/test_protocol_sizes.py::test_struct_size_matches_cpp[VideoGrayAck-<4Iq-24] PASSED [ 80%]
tests/test_protocol_sizes.py::test_struct_size_matches_cpp[VideoOutCmd-<4Iq64s-88] PASSED [ 81%]
tests/test_protocol_sizes.py::test_struct_size_matches_cpp[VideoOutAck-<4Iq-24] PASSED [ 83%]
tests/test_protocol_sizes.py::test_cpp_static_asserts_agree PASSED       [ 84%]
tests/test_protocol_sizes.py::test_header_is_64_bytes_packed PASSED      [ 85%]
tests/test_protocol_sizes.py::test_frame_header_pts_offset PASSED        [ 87%]
tests/test_protocol_sizes.py::test_magic_values PASSED                   [ 88%]
tests/test_worker_env_consistency.py::test_the_overrides_are_not_empty PASSED [ 90%]
tests/test_worker_env_consistency.py::test_python_constant_is_usable_as_a_wine_override PASSED [ 91%]
tests/test_worker_env_consistency.py::test_shell_scripts_use_the_same_overrides[run_worker.sh-#!/bin/bash\n# run_worker.sh \u2014 Launch nvngx.dll (the NGX DLSS5 worker) under Wine + VKD3D.\n#\n# Usage:\n#   ./native/run_worker.sh                # default Wine prefix\n#   ./native/run_worker.sh --prefix /path  # custom prefix\n\nset -euo pipefail\n\nSCRIPT_DIR="$(cd "$(dirname "${BASH_SOURCE[0]}")" && pwd)"\nNATIVE_DIR="$SCRIPT_DIR"\n\nDEFAULT_PREFIX="${HOME}/.neuralscreen/wine"\nPREFIX="${DEFAULT_PREFIX}"\n\nif [ "${1:-}" = "--prefix" ] && [ -n "${2:-}" ]; then\n    PREFIX="$2"\n    shift 2\nfi\n\nexport WINEPREFIX="$PREFIX"\n# The native translation layers MUST be overridden or Wine loads its builtin\n# dxgi/d3d11/d3d12/nvapi64. dxvk-nvapi needs DXVK's dxgi AND d3d11 extension\n# points, and vkd3d-proton's d3d12 \u2014 through Wine's builtins NGX Core loads but\n# its platform check then fails (0xBAD00002 FAIL_PlatformError) because NVAPI\n# cannot report the GPU.\n#\n#   d3d12/d3d12core  <- vkd3d-proton\n#   dxgi/d3d11       <- DXVK\n#   nvapi64          <- dxvk-nvapi\n#   nvngx_dlssnr     <- the NR runtime itself, never a builtin\nexport WINEDLLOVERRIDES="${NS_WINEDLLOVERRIDES:-d3d12=n,b;d3d12core=n,b;d3d11=n,b;dxgi=n,b;nvapi64=n,b;nvofapi64=n,b;nvngx_dlssnr=n}"\n# dxvk-nvapi requires this to disable DXVK's nvapiHack; without it the NGX/DLSS\n# part of NVAPI stays off and NGX cannot establish the platform.\nexport DXVK_ENABLE_NVAPI="${DXVK_ENABLE_NVAPI:-1}"\nexport WINE="${WINE:-wine}"\n\n# Auto-create prefix\nif [ ! -d "$PREFIX" ]; then\n    echo "[run_worker] Creating Wine prefix at $PREFIX" >&2\n    mkdir -p "$PREFIX"\n    WINEDLLOVERRIDES="" wineboot -u 2>/dev/null || true\n    sleep 2\nfi\n\n# Check deps\nif ! command -v "$WINE" &>/dev/null; then\n    echo "[run_worker] ERROR: '$WINE' not found. Install Wine + VKD3D." >&2\n    exit 1\nfi\n\nWORKER="$NATIVE_DIR/nvngx.dll"\nif [ ! -f "$WORKER" ]; then\n    echo "[run_worker] ERROR: $WORKER not found" >&2\n    exit 1\nfi\n\necho "[run_worker] Starting: $WINE $WORKER --live" >&2\nexec "$WINE" "$WORKER" --live] PASSED [ 92%]
tests/test_worker_env_consistency.py::test_shell_scripts_use_the_same_overrides[m0_env_gate.sh-#!/bin/bash\n# m0_env_gate.sh \u2014 the M0 gate: can the DLSS5 NR worker run under Wine at all?\n#\n#   tools/m0_env_gate.sh                 # run the gate, print the verdict\n#   tools/m0_env_gate.sh --out DIR       # also write logs into DIR\n#\n# Runs `wine native/nvngx.dll --test`. That path needs no game, no window and no\n# Python: it builds a D3D12 device, creates NGX feature 18 and runs 300\n# evaluates on a synthetic 640x360 pattern.\n#\n# PASS = exit 0, "[pure] direct feature 18 ready" in the log, and\n#        "--test finished: N/300" with N >= 250.\n#\n# If this fails, stop. The log names the stage that failed.\n\nset -uo pipefail\n\nREPO="$(cd "$(dirname "${BASH_SOURCE[0]}")/.." && pwd)"\ncd "$REPO"\n\nNATIVE="$REPO/native"\nWORKER="$NATIVE/nvngx.dll"\nNR_DLL="$NATIVE/nvngx_dlssnr.dll"\nLOG="$NATIVE/dlss5-feed-host.log"\n\nOUT=""\nwhile [ $# -gt 0 ]; do\n    case "$1" in\n        --out)\n            if [ -z "${2:-}" ]; then\n                echo "m0_env_gate.sh: --out needs a directory" >&2\n                exit 2\n            fi\n            OUT="$2"; mkdir -p "$OUT"; shift 2 ;;\n        -h|--help)\n            cat <<'USAGE'\nm0_env_gate.sh \u2014 the M0 environment gate: can the DLSS5 NR worker run under Wine?\n\n  tools/m0_env_gate.sh                 run the gate, print the verdict\n  tools/m0_env_gate.sh --out DIR       also copy the logs into DIR\n\nExit codes:  0 = PASS   1 = FAIL   2 = BLOCKED (prerequisites missing)\n\nFor a full report (pytest + this gate + an environment snapshot) use instead:\n\n  tools/run_tests.sh --report --m0\n\nwhich writes everything into test-results/<UTC-timestamp>/ \u2014 commit and push\nthat directory and it can be read straight from the repo.\nUSAGE\n            exit 0 ;;\n        *)\n            echo "m0_env_gate.sh: unknown option: $1" >&2\n            echo "try: tools/m0_env_gate.sh --help" >&2\n            exit 2 ;;\n    esac\ndone\n\npass() { printf '  \\033[32m\u2713\\033[0m %s\\n' "$1"; }\nfail() { printf '  \\033[31m\u2717\\033[0m %s\\n' "$1"; }\nwarn() { printf '  \\033[33m!\\033[0m %s\\n' "$1"; }\n\necho "=============================================================="\necho " M0 \u2014 environment gate"\necho "=============================================================="\necho ""\n\necho "--- prerequisites ---"\nMISSING=0\n\nif command -v wine >/dev/null 2>&1; then\n    pass "wine: $(wine --version 2>&1)"\nelse\n    fail "wine is not installed"\n    echo "      Arch:   sudo pacman -S wine"\n    echo "      Debian: sudo apt install wine wine64"\n    MISSING=1\nfi\n\nif command -v nvidia-smi >/dev/null 2>&1; then\n    pass "GPU: $(nvidia-smi --query-gpu=name,driver_version,compute_cap --format=csv,noheader 2>&1 | head -1)"\n    CC="$(nvidia-smi --query-gpu=compute_cap --format=csv,noheader 2>&1 | head -1 | tr -d ' ')"\n    case "$CC" in\n        7.5|8.6|8.9|12.0) pass "compute capability $CC is in the runtime's kernel set (sm_75/86/89/120)" ;;\n        "") warn "could not read compute capability" ;;\n        *)  warn "compute capability $CC is NOT in sm_75/86/89/120 \u2014 the NR pass may refuse" ;;\n    esac\nelse\n    fail "nvidia-smi not found \u2014 no NVIDIA driver visible"\n    MISSING=1\nfi\n\nif ls /usr/share/vulkan/icd.d/ 2>/dev/null | grep -qi nvidia; then\n    pass "Vulkan ICD: $(ls /usr/share/vulkan/icd.d/ | grep -i nvidia | head -1)"\nelse\n    warn "no NVIDIA Vulkan ICD found \u2014 D3D12 over VKD3D will likely fail"\nfi\n\nfor f in "$WORKER" "$NR_DLL" "$NATIVE/SpoutDX.dll" "$NATIVE/Spout.dll"; do\n    if [ -f "$f" ]; then\n        pass "$(basename "$f") ($(du -h "$f" | cut -f1))"\n    else\n        fail "missing: $f"\n        if [ "$f" = "$NR_DLL" ]; then\n            echo "      nvngx_dlssnr.dll is gitignored (159 MB). It comes from the"\n            echo "      v1.6.0 release archive and must be copied into native/."\n        fi\n        MISSING=1\n    fi\ndone\n\nif [ "$MISSING" = "1" ]; then\n    echo ""\n    echo "=============================================================="\n    echo " RESULT: BLOCKED \u2014 fix the prerequisites above first"\n    echo "=============================================================="\n    [ -n "$OUT" ] && { env > "$OUT/m0_environment.txt" 2>&1; }\n    exit 2\nfi\n\necho ""\necho "--- running: wine native/nvngx.dll --test ---"\nrm -f "$LOG"\n\nexport WINEPREFIX="${WINEPREFIX:-$HOME/.neuralscreen/wine}"\n# The native translation layers MUST be overridden, or Wine loads its builtin\n# dxgi/d3d11/d3d12/nvapi64. Two distinct failures follow:\n#   0xBAD00001 FAIL_FeatureNotSupported \u2014 NGX Core not found at all\n#   0xBAD00002 FAIL_PlatformError       \u2014 NGX Core found, but NVAPI cannot\n#                                          report the GPU to it\nexport WINEDLLOVERRIDES="${NS_WINEDLLOVERRIDES:-d3d12=n,b;d3d12core=n,b;d3d11=n,b;dxgi=n,b;nvapi64=n,b;nvofapi64=n,b;nvngx_dlssnr=n}"\n# Without this dxvk-nvapi leaves the NGX/DLSS part of NVAPI disabled, and NGX\n# Core cannot establish the platform.\nexport DXVK_ENABLE_NVAPI="${DXVK_ENABLE_NVAPI:-1}"\n# Ask dxvk-nvapi to log, so 'NvAPI_Initialize' / 'NvAPI_GPU_GetArchInfo' show up\n# in the worker's output and prove whether NVAPI answered.\nexport DXVK_NVAPI_LOG_LEVEL="${DXVK_NVAPI_LOG_LEVEL:-info}"\necho "  WINEPREFIX=$WINEPREFIX"\necho "  WINEDLLOVERRIDES=$WINEDLLOVERRIDES"\necho "  DXVK_ENABLE_NVAPI=$DXVK_ENABLE_NVAPI"\n\n# The worker's NGX loader finds NGX Core through the registry on Wine (its D3DKMT\n# and same-directory paths both fail there). Warn if that is not set up yet.\nNGXREG="$(timeout 60 wine reg query 'HKLM\\SOFTWARE\\NVIDIA Corporation\\Global\\NGXCore' 2>/dev/null | grep -iE 'FullPath|NGXPath' | head -1)"\nif [ -n "$NGXREG" ]; then\n    echo "  NGXCore registry: $(echo "$NGXREG" | tr -s ' ')"\nelse\n    echo "  NGXCore registry: NOT SET"\n    echo "     -> NGX Core will not be found and init will fail with 0xBAD00001."\n    echo "     -> run: tools/wine_ngx_setup.sh   (then re-run this gate)"\nfi\necho ""\n\nSTART=$(date +%s)\nWINE_OUT="$(mktemp)"\n( cd "$NATIVE" && timeout 600 wine nvngx.dll --test ) 2>&1 | tee "$WINE_OUT"\nRC=${PIPESTATUS[0]}\nELAPSED=$(( $(date +%s) - START ))\necho ""\necho "  exit code: $RC   elapsed: ${ELAPSED}s"\n\n# Both streams, because the diagnostics are split between them: the worker's own\n# stage logs go to dlss5-feed-host.log, while dxvk-nvapi's `nvapi64:` lines go to\n# Wine's console. Reading only the log made the NVAPI section below report\n# "no NVAPI output at all" while the answer was sitting in the console output.\nCOMBINED=""\n[ -f "$LOG" ] && COMBINED="$(cat "$LOG")"\nif [ -s "$WINE_OUT" ]; then\n    COMBINED="$COMBINED\n$(cat "$WINE_OUT")"\nfi\nrm -f "$WINE_OUT"\n\necho ""\necho "--- verdict ---"\nSTATUS=0\n\nif [ "$RC" = "124" ]; then\n    fail "timed out after 600s \u2014 the worker hung (a known NGX-over-Wine failure mode)"\n    STATUS=1\nelif [ "$RC" != "0" ]; then\n    fail "the worker exited $RC"\n    STATUS=1\nelse\n    pass "the worker exited 0"\nfi\n\nif [ -f "$LOG" ]; then\n    pass "produced dlss5-feed-host.log ($(wc -l < "$LOG") lines)"\nelse\n    fail "produced NO log \u2014 Wine probably never started the process"\n    STATUS=1\nfi\n\nif echo "$COMBINED" | grep -q "no NVIDIA adapter found"; then\n    fail "no NVIDIA adapter visible to D3D12 \u2014 VKD3D/DXGI cannot see the card"\n    STATUS=1\nelif echo "$COMBINED" | grep -q "D3D12CreateDevice failed"; then\n    fail "D3D12CreateDevice failed: $(echo "$COMBINED" | grep 'D3D12CreateDevice failed' | head -1)"\n    STATUS=1\nelif echo "$COMBINED" | grep -q "dxgi/d3d12 exports missing"; then\n    fail "dxgi.dll / d3d12.dll did not load under Wine"\n    STATUS=1\nfi\n\nif echo "$COMBINED" | grep -q "NVSDK_NGX_D3D12_Init"; then\n    NLINE="$(echo "$COMBINED" | grep 'NVSDK_NGX_D3D12_Init' | head -1)"\n    if echo "$NLINE" | grep -q "Success"; then\n        pass "NGX initialised: $NLINE"\n    else\n        fail "NGX init failed: $NLINE"\n        STATUS=1\n        if echo "$NLINE" | grep -q "0xBAD00001"; then\n            cat <<'REMEDY'\n\n     0xBAD00001 = FAIL_FeatureNotSupported, and at the INIT stage it does not\n     mean "unsupported GPU" \u2014 it means NGX Core was never found. The worker's\n     NGX loader (strings: NGXGetPathUsingQAI / NGXGetPathFromRegistry /\n     "NGXCore not found next to the application") can only reach the core\n     through the registry under Wine:\n\n       * the QAI path needs D3DKMT, unimplemented in Wine\n         (`fixme:d3dkmt:NtGdiDdDDIQueryAdapterInfo type 48 not handled`)\n       * "next to the application" collides with the worker itself, whose file\n         name IS nvngx.dll, so it loads a module with no exports\n       * so only HKLM\\...\\NGXCore remains\n\n     Fix:  tools/wine_ngx_setup.sh\nREMEDY\n        fi\n        if echo "$NLINE" | grep -q "0xBAD00002"; then\n            cat <<'REMEDY'\n\n     0xBAD00002 = FAIL_PlatformError. NGX Core IS being found and loaded now,\n     but its platform check fails \u2014 it cannot get a usable answer about the GPU.\n     Under Wine that answer has to come from dxvk-nvapi, and dxvk-nvapi needs:\n\n       * DXVK's dxgi.dll AND d3d11.dll in the prefix (it uses their extension\n         points; Wine's builtin dxgi/d3d11 will not do)\n       * vkd3d-proton's d3d12.dll + d3d12core.dll\n       * DXVK_ENABLE_NVAPI=1 \u2014 without it the NGX/DLSS part of NVAPI is off\n       * all of the above overridden native-first in WINEDLLOVERRIDES\n\n     Check the "NvAPI_Initialize" / "NvAPI_GPU_GetArchInfo" lines below: absent\n     or failing means NVAPI never answered.\n\n     Fix:  tools/wine_ngx_setup.sh   (installs DXVK / vkd3d-proton / dxvk-nvapi)\nREMEDY\n        fi\n    fi\nelse\n    fail "never reached NGX init \u2014 died earlier"\n    STATUS=1\nfi\n\nif echo "$COMBINED" | grep -q "feature 18 ready"; then\n    pass "NGX feature 18 created"\nelse\n    if echo "$COMBINED" | grep -q "feature 18"; then\n        fail "feature 18 create failed: $(echo "$COMBINED" | grep 'feature 18' | tail -1)"\n    else\n        fail "feature 18 was never attempted"\n    fi\n    STATUS=1\nfi\n\nSUMMARY="$(echo "$COMBINED" | grep -o -- '--test finished: [0-9]*/[0-9]*' | tail -1)"\nif [ -n "$SUMMARY" ]; then\n    GOOD="$(echo "$SUMMARY" | sed 's|.*finished: \\([0-9]*\\)/.*|\\1|')"\n    if [ "$GOOD" -ge 250 ]; then\n        pass "$SUMMARY evaluates succeeded"\n    else\n        fail "$SUMMARY \u2014 fewer than 250"\n        STATUS=1\n    fi\nelse\n    fail "no evaluation summary \u2014 the test loop did not finish"\n    STATUS=1\nfi\n\n# --- what NVAPI said (this is what NGX needs for its platform check) --------\necho ""\necho "--- NVAPI (dxvk-nvapi) ---"\nNVLOG="$(echo "$COMBINED" | grep -iE "nvapi|NvAPI_Initialize|GetArchInfo|DXVK_ENABLE_NVAPI" | head -12)"\nif [ -n "$NVLOG" ]; then\n    echo "$NVLOG" | sed 's/^/  /'\n    # The specific, actionable failure dxvk-nvapi reports when DXVK is not\n    # actually installed. It names the fix itself, so quote it back.\n    if echo "$COMBINED" | grep -qi "Querying Vulkan entry point from DXGI factory failed"; then\n        echo ""\n        fail "dxvk-nvapi cannot reach DXVK's DXGI \u2014 NvAPI_Initialize failed, so"\n        fail "NGX Core gets no platform answer and returns 0xBAD00002."\n        cat <<'REMEDY'\n\n     dxvk-nvapi needs DXVK's OWN dxgi.dll (and d3d11.dll) in the prefix: it\n     reaches the Vulkan entry point through their extension points. Wine's\n     builtin dxgi will not do, and neither will an override pointing at a file\n     that is not there.\n\n     tools/wine_ngx_setup.sh section 4 installs them, but only WITHOUT --check.\n     Running `run_tests.sh --report --m0` before this fix ran the setup with\n     --check, so nothing was ever installed.\n\n     Fix:  tools/wine_ngx_setup.sh          (no --check)\nREMEDY\n        STATUS=1\n    fi\nelse\n    warn "no NVAPI output at all \u2014 dxvk-nvapi's nvapi64.dll is probably not"\n    warn "being loaded, or DXVK_ENABLE_NVAPI=1 is not taking effect"\nfi\n\n# --- what the log says about the failure, if it failed ----------------------\nif [ "$STATUS" != "0" ] && [ -f "$LOG" ]; then\n    echo ""\n    echo "--- the log's own explanation ---"\n    grep -iE "fail|error|unavailable|0x[0-9A-Fa-f]{8}|not found|refus" "$LOG" \\\n        | tail -15 | sed 's/^/  /' || echo "  (nothing that looks like an error)"\nfi\n\n# --- copy artifacts out -----------------------------------------------------\nif [ -n "$OUT" ]; then\n    cp "$LOG" "$OUT/" 2>/dev/null || true\n    # Only the variables that matter: a full `env` dump is 100+ lines of noise\n    # and hides the ones this gate is about.\n    {\n        echo "date:              $(date -u)"\n        echo "WINEPREFIX:        ${WINEPREFIX:-}"\n        echo "WINEDLLOVERRIDES:  ${WINEDLLOVERRIDES:-}"\n        echo "DXVK_ENABLE_NVAPI: ${DXVK_ENABLE_NVAPI:-}"\n        echo "DXVK_NVAPI_LOG_LEVEL: ${DXVK_NVAPI_LOG_LEVEL:-}"\n        echo "DISPLAY:           ${DISPLAY:-}"\n        echo "WAYLAND_DISPLAY:   ${WAYLAND_DISPLAY:-}"\n        echo "XDG_SESSION_TYPE:  ${XDG_SESSION_TYPE:-}"\n        echo "wine:              $(wine --version 2>&1)"\n        echo "driver:            $(nvidia-smi --query-gpu=driver_version --format=csv,noheader 2>&1 | head -1)"\n    } > "$OUT/m0_environment.txt" 2>&1\n    echo ""\n    echo "  artifacts -> $OUT/"\nfi\n\necho ""\necho "=============================================================="\nif [ "$STATUS" = "0" ]; then\n    echo " RESULT: PASS \u2014 the DLSS5 NR pass runs on this machine under Wine."\n    echo " Next: python -m minimal --frames 1 --save-before before.png --save-after after.png"\nelse\n    echo " RESULT: FAIL \u2014 stop here. The port is not viable until this passes."\n    echo " The log above names the stage. Do not build downstream on this."\nfi\necho "=============================================================="\nexit "$STATUS"] PASSED [ 94%]
tests/test_worker_env_consistency.py::test_shell_scripts_use_the_same_overrides[wine_ngx_setup.sh-#!/bin/bash\n# wine_ngx_setup.sh \u2014 make the Wine prefix able to load NVIDIA's NGX Core.\n#\n#   tools/wine_ngx_setup.sh                 # diagnose + fix the default prefix\n#   tools/wine_ngx_setup.sh --prefix PATH   # a specific WINEPREFIX\n#   tools/wine_ngx_setup.sh --check         # diagnose only, change nothing\n#   tools/wine_ngx_setup.sh --bridge DIR    # where the driver's NGX DLLs live\n#\n# WHY THIS EXISTS\n#\n# native/nvngx.dll statically links NVIDIA's own NGX loader. The strings in the\n# binary name its three lookup paths:\n#\n#     NGXGetPathUsingQAI              -> goes through D3DKMT\n#     NGXGetPathFromRegistry          -> HKLM\\...\\NGXCore\n#     NGXCore not found next to the application\n#\n# Under Wine only ONE of those can work:\n#\n#   * the QAI path is dead: Wine does not implement the D3DKMT adapter query it\n#     needs (visible in the log as\n#     `fixme:d3dkmt:NtGdiDdDDIQueryAdapterInfo type 48 not handled`);\n#   * the "next to the application" path is a name collision \u2014 the worker's own\n#     file IS nvngx.dll, so the loader finds a module with no exports;\n#   * leaving only the registry.\n#\n# With no registry entry NGX Core is never loaded, so NVSDK_NGX_D3D12_Init\n# returns 0xBAD00001 (FAIL_FeatureNotSupported). That is exactly what the first\n# M0 run on the RTX 4080 reported. The fix is to install the driver's NGX bridge\n# DLLs and point NGXCore at them.\n#\n# On Arch, nvidia-utils already ships them at /usr/lib/nvidia/wine/ \u2014 nothing to\n# download. On other distros they come from the matching NVIDIA .run installer\n# (`--extract-only`); this script searches for them and says so if they are missing.\n#\n# The second half is the DLL overrides. Without\n#     d3d12,d3d12core,nvapi64,dxgi = native-first\n# Wine loads its BUILTIN d3d12 (old vkd3d) and builtin nvapi64, and NGX cannot\n# see the physical GPU through them. The previous launcher only overrode\n# nvngx_dlssnr, so this was missing too.\n\nset -uo pipefail\n\nREPO="$(cd "$(dirname "${BASH_SOURCE[0]}")/.." && pwd)"\n\nPREFIX="${WINEPREFIX:-$HOME/.neuralscreen/wine}"\nBRIDGE=""\nCHECK_ONLY=0\n\nwhile [ $# -gt 0 ]; do\n    case "$1" in\n        --prefix) PREFIX="$2"; shift 2 ;;\n        --bridge) BRIDGE="$2"; shift 2 ;;\n        --check)  CHECK_ONLY=1; shift ;;\n        -h|--help) sed -n '2,20p' "${BASH_SOURCE[0]}" | sed 's/^# \\{0,1\\}//'; exit 0 ;;\n        *) echo "unknown option: $1" >&2; exit 2 ;;\n    esac\ndone\nexport WINEPREFIX="$PREFIX"\n\nok()   { printf '  \\033[32m\u2713\\033[0m %s\\n' "$1"; }\nbad()  { printf '  \\033[31m\u2717\\033[0m %s\\n' "$1"; }\nwarn() { printf '  \\033[33m!\\033[0m %s\\n' "$1"; }\n\necho "=============================================================="\necho " Wine NGX setup \u2014 $PREFIX"\necho "=============================================================="\necho ""\n\nif [ ! -d "$PREFIX/drive_c" ]; then\n    echo "The prefix does not exist yet: $PREFIX"\n    echo "Creating it with wineboot (this takes a moment)..."\n    mkdir -p "$PREFIX"\n    WINEDLLOVERRIDES="" wineboot -u >/dev/null 2>&1 || true\n    sleep 3\nfi\nif [ ! -d "$PREFIX/drive_c" ]; then\n    bad "could not create the prefix \u2014 is wine installed?"\n    exit 1\nfi\nok "prefix exists"\n\nSYS32="$PREFIX/drive_c/windows/system32"\n\n# --- DISPLAY: DXVK cannot create a Vulkan instance without one ---------------\nif [ -z "${DISPLAY:-}" ]; then\n    warn "DISPLAY is not set \u2014 DXVK cannot create a Vulkan instance without a display"\n    warn "export DISPLAY=:0 (or your real display) before running the worker"\nelse\n    ok "DISPLAY=$DISPLAY"\nfi\n\n# --- 1. the driver's NGX bridge DLLs -----------------------------------------\necho ""\necho "--- 1. NVIDIA NGX bridge (nvngx.dll / _nvngx.dll) ---"\n\nif [ -z "$BRIDGE" ]; then\n    for cand in \\\n        /usr/lib/nvidia/wine \\\n        /usr/lib64/nvidia/wine \\\n        /lib/nvidia/wine \\\n        /lib64/nvidia/wine \\\n        /usr/lib/x86_64-linux-gnu/nvidia/wine \\\n        /usr/lib/x86_64-linux-gnu/nvidia/current/wine \\\n        /usr/lib/x86_64-linux-gnu/nvidia/current/nvidia/wine \\\n        "$PREFIX/drive_c/ngx_bridge"\n    do\n        if [ -s "$cand/nvngx.dll" ] && [ -s "$cand/_nvngx.dll" ]; then\n            BRIDGE="$cand"\n            ok "found the driver's NGX bridge at $BRIDGE"\n            break\n        fi\n    done\nfi\n\nif [ -z "$BRIDGE" ] || [ ! -s "$BRIDGE/nvngx.dll" ] || [ ! -s "$BRIDGE/_nvngx.dll" ]; then\n    bad "no NGX bridge DLLs found (nvngx.dll + _nvngx.dll)"\n    cat <<'EOF'\n\n     These are NVIDIA's Wine-side NGX loaders, shipped with the driver:\n\n       Arch:   nvidia-utils installs them at /usr/lib/nvidia/wine/\n       Debian: /usr/lib/x86_64-linux-gnu/nvidia/wine/\n       others: extract from the matching .run (no install needed):\n\n         DRV=$(nvidia-smi --query-gpu=driver_version --format=csv,noheader | tr -d ' ')\n         curl -O https://us.download.nvidia.com/XFree86/Linux-x86_64/$DRV/NVIDIA-Linux-x86_64-$DRV.run\n         sh NVIDIA-Linux-x86_64-$DRV.run --extract-only --target /tmp/nvdrv\n         mkdir -p ~/.neuralscreen/ngx_bridge\n         cp /tmp/nvdrv/nvngx.dll /tmp/nvdrv/_nvngx.dll ~/.neuralscreen/ngx_bridge/\n\n     then re-run this script with --bridge ~/.neuralscreen/ngx_bridge\nEOF\n    exit 1\nfi\n\nfor f in nvngx.dll _nvngx.dll; do\n    ok "$f ($(du -h "$BRIDGE/$f" | cut -f1))"\ndone\n\n# --- 2. put them where the loader can find them ------------------------------\necho ""\necho "--- 2. install into the prefix ---"\n\nif [ "$CHECK_ONLY" = "1" ]; then\n    for f in nvngx.dll _nvngx.dll; do\n        if [ -s "$SYS32/$f" ]; then ok "$f already in system32"; else warn "$f missing from system32"; fi\n    done\nelse\n    for f in nvngx.dll _nvngx.dll; do\n        if cp -f "$BRIDGE/$f" "$SYS32/$f" 2>/dev/null; then\n            ok "copied $f -> system32"\n        else\n            bad "could not copy $f into system32"\n        fi\n    done\nfi\n\n# --- 3. point the registry at the bridge dir --------------------------------\necho ""\necho "--- 3. registry: NGXCore -> the bridge directory ---"\n\nif [ "$CHECK_ONLY" = "1" ]; then\n    warn "skipped (--check)"\nelse\n    WBRIDGE="$(WINEDLLOVERRIDES="" wine winepath -w "$BRIDGE" 2>/dev/null | tr -d '\\r\\n')"\n    if [ -z "$WBRIDGE" ]; then\n        # winepath failing is not fatal: derive the Z: path by hand.\n        WBRIDGE="Z:$(printf '%s' "$BRIDGE" | tr '/' '\\\\')"\n        warn "winepath failed; using $WBRIDGE"\n    fi\n    ok "bridge as a Windows path: $WBRIDGE"\n\n    # The three locations NVIDIA's loader consults, plus the two value names\n    # under the Global key (different driver generations read different ones).\n    SET_OK=0\n    while IFS='|' read -r key value; do\n        if WINEDLLOVERRIDES="" timeout 90 wine reg add "$key" /v "$value" /d "$WBRIDGE" /f >/dev/null 2>&1; then\n            SET_OK=$((SET_OK + 1))\n        else\n            warn "could not set $key\\\\$value"\n        fi\n    done <<'KEYS'\nHKLM\\SOFTWARE\\NVIDIA Corporation\\Global\\NGXCore|FullPath\nHKLM\\SOFTWARE\\NVIDIA Corporation\\Global\\NGXCore|NGXPath\nHKLM\\System\\CurrentControlSet\\Services\\nvlddmkm\\NGXCore|NGXPath\nHKLM\\System\\CurrentControlSet\\Services\\nvlddmkm\\Parameters\\NGXCore|NGXPath\nKEYS\n    ok "$SET_OK/4 registry values written"\nfi\n\n# --- 4. the translation layers ----------------------------------------------\necho ""\necho "--- 4. translation layers (DXVK / vkd3d-proton / dxvk-nvapi) ---"\necho "     Wine's builtin dxgi/d3d11/d3d12/nvapi64 cannot carry NGX: dxvk-nvapi"\necho "     needs DXVK's dxgi and d3d11 extension points, and vkd3d-proton's"\necho "     d3d12. Without them NGX Core loads but its platform check fails"\necho "     (0xBAD00002 FAIL_PlatformError) because NVAPI cannot report the GPU."\n\nDXVK_VER="3.1.1"\nVKD3D_VER="3.0.1"\nNVAPI_VER="0.9.2"\n\nnv_ver() { strings -a "$SYS32/nvapi64.dll"   2>/dev/null | grep -oE '^v?0\\.9\\.[0-9]+' | sort -u | head -1; }\nvk_ver() { strings -a "$SYS32/d3d12core.dll" 2>/dev/null | grep -oE '^3\\.[0-9]+\\.[0-9]+' | sort -u | head -1; }\n\nhave() { [ -s "$SYS32/$1" ] && echo 1 || echo 0; }\nhave_dxvk=1\nfor f in dxgi.dll d3d11.dll; do [ "$(have "$f")" = "1" ] || have_dxvk=0; done\nhave_vkd3d=1\nfor f in d3d12.dll d3d12core.dll; do [ "$(have "$f")" = "1" ] || have_vkd3d=0; done\nhave_nvapi=1\n[ "$(have nvapi64.dll)" = "1" ] || have_nvapi=0\n\n# Report presence explicitly, in BOTH modes: --check that silently omits this is\n# how a missing DXVK dxgi.dll went unnoticed for a whole round. dxvk-nvapi names\n# it directly when it cannot initialise:\n#   "Querying Vulkan entry point from DXGI factory failed, please ensure that\n#    DXVK's dxgi.dll (version 2.1 or newer) is present"\nfor f in dxgi.dll d3d11.dll d3d12.dll d3d12core.dll nvapi64.dll nvofapi64.dll; do\n    if [ "$(have "$f")" = "1" ]; then\n        ok "$f present ($(du -h "$SYS32/$f" | cut -f1))"\n    else\n        warn "$f MISSING from system32"\n    fi\ndone\necho "     versions: dxvk-nvapi $(nv_ver || echo '?') / vkd3d-proton $(vk_ver || echo '?')"\n\nif [ "$have_dxvk" = "0" ]; then\n    warn "DXVK's dxgi.dll/d3d11.dll are missing \u2014 dxvk-nvapi CANNOT initialise"\n    warn "without them (it needs their extension points), which fails NGX's"\n    warn "platform check with 0xBAD00002."\nfi\nif [ "$have_vkd3d" = "0" ]; then\n    warn "vkd3d-proton's d3d12.dll/d3d12core.dll are missing"\nfi\nif [ "$have_nvapi" = "0" ]; then\n    warn "dxvk-nvapi's nvapi64.dll is missing"\nfi\n\nif [ "$CHECK_ONLY" = "1" ]; then\n    warn "skipped (--check); re-run without --check to install"\nelse\n    command -v zstd >/dev/null 2>&1 || NEED_ZSTD=1\n    T="$(mktemp -d)"\n    trap 'rm -rf "$T"' EXIT\n\n    if [ "$have_dxvk" = "0" ]; then\n        echo "     fetching DXVK $DXVK_VER ..."\n        if curl -sfL -o "$T/dxvk.tar.gz" \\\n            "https://github.com/doitsujin/dxvk/releases/download/v$DXVK_VER/dxvk-$DXVK_VER.tar.gz" \\\n            && tar xzf "$T/dxvk.tar.gz" -C "$T"; then\n            for f in dxgi.dll d3d11.dll d3d10core.dll; do\n                src="$(find "$T" -path '*/x64/*' -name "$f" -print -quit)"\n                [ -n "$src" ] || { warn "DXVK archive has no x64/$f"; continue; }\n                [ -f "$SYS32/$f" ] && cp -f "$SYS32/$f" "$SYS32/$f.bak_builtin" 2>/dev/null\n                cp -f "$src" "$SYS32/$f" && ok "installed DXVK $f"\n            done\n        else\n            bad "could not fetch/extract DXVK $DXVK_VER"\n        fi\n    else\n        ok "DXVK dxgi.dll + d3d11.dll already present"\n    fi\n\n    if [ "$have_vkd3d" = "0" ]; then\n        echo "     fetching vkd3d-proton $VKD3D_VER ..."\n        if ! command -v zstd >/dev/null 2>&1; then\n            bad "zstd is required to unpack vkd3d-proton (install it and re-run)"\n        elif curl -sfL -o "$T/vkd3d.tar.zst" \\\n            "https://github.com/HansKristian-Work/vkd3d-proton/releases/download/v$VKD3D_VER/vkd3d-proton-$VKD3D_VER.tar.zst" \\\n            && zstd -dq "$T/vkd3d.tar.zst" -o "$T/vkd3d.tar" && tar xf "$T/vkd3d.tar" -C "$T"; then\n            for f in d3d12.dll d3d12core.dll; do\n                src="$(find "$T" -path '*/x64/*' -name "$f" -print -quit)"\n                [ -n "$src" ] || { warn "vkd3d archive has no x64/$f"; continue; }\n                [ -f "$SYS32/$f" ] && cp -f "$SYS32/$f" "$SYS32/$f.bak_builtin" 2>/dev/null\n                cp -f "$src" "$SYS32/$f" && ok "installed vkd3d-proton $f"\n            done\n        else\n            bad "could not fetch/extract vkd3d-proton $VKD3D_VER"\n        fi\n    else\n        ok "vkd3d-proton d3d12.dll + d3d12core.dll already present"\n    fi\n\n    if [ "$have_nvapi" = "0" ]; then\n        echo "     fetching dxvk-nvapi $NVAPI_VER ..."\n        if curl -sfL -o "$T/nvapi.tar.gz" \\\n            "https://github.com/jp7677/dxvk-nvapi/releases/download/v$NVAPI_VER/dxvk-nvapi-v$NVAPI_VER.tar.gz" \\\n            && tar xzf "$T/nvapi.tar.gz" -C "$T"; then\n            for f in nvapi64.dll nvofapi64.dll; do\n                src="$(find "$T" -path '*/x64/*' -name "$f" -print -quit)"\n                [ -n "$src" ] || { warn "dxvk-nvapi archive has no x64/$f"; continue; }\n                cp -f "$src" "$SYS32/$f" && ok "installed dxvk-nvapi $f"\n            done\n        else\n            bad "could not fetch/extract dxvk-nvapi $NVAPI_VER"\n        fi\n    else\n        ok "dxvk-nvapi nvapi64.dll already present"\n    fi\n\n    echo "     now: dxvk-nvapi $(nv_ver || echo missing) / vkd3d-proton $(vk_ver || echo missing)"\nfi\n\n# --- 4b. NGX Core must also be beside system32's nvngx.dll ------------------\n# dxvk-nvapi's own docs ask for the driver's nvngx.dll / _nvngx.dll in system32\n# for DLSS. Section 2 put them there; this just confirms it.\necho ""\necho "--- 4b. driver NGX DLLs in system32 ---"\nfor f in nvngx.dll _nvngx.dll; do\n    if [ -s "$SYS32/$f" ]; then ok "$f ($(du -h "$SYS32/$f" | cut -f1))"\n    else warn "$f missing from system32"; fi\ndone\n\n# --- 5. report the overrides to use -----------------------------------------\necho ""\necho "--- 5. the DLL overrides the worker must be launched with ---"\ncat <<'EOF'\n\n    WINEDLLOVERRIDES="d3d12=n,b;d3d12core=n,b;d3d11=n,b;dxgi=n,b;nvapi64=n,b;nvofapi64=n,b;nvngx_dlssnr=n"\n    DXVK_ENABLE_NVAPI=1\n\n  Every entry matters:\n    d3d12 / d3d12core  vkd3d-proton, not Wine's old builtin vkd3d\n    d3d11 / dxgi       DXVK \u2014 dxvk-nvapi needs their extension points and\n                       cannot initialise without them\n    nvapi64 / nvofapi64 dxvk-nvapi\n    nvngx_dlssnr        the NR runtime itself\n    DXVK_ENABLE_NVAPI   without it dxvk-nvapi leaves the NGX/DLSS part of\n                        NVAPI disabled and NGX's platform check fails\n\n  native/run_worker.sh and tools/m0_env_gate.sh set this, and\n  tests/test_worker_env_consistency.py fails if any copy of the string drifts.\n\nEOF\n\necho "=============================================================="\nif [ "$CHECK_ONLY" = "1" ]; then\n    echo " RESULT: diagnosis only (--check). Re-run without --check to apply."\nelse\n    echo " RESULT: prefix configured. Now run: tools/m0_env_gate.sh"\nfi\necho "=============================================================="\nexit 0] PASSED [ 95%]
tests/test_worker_env_consistency.py::test_python_module_sets_it PASSED  [ 97%]
tests/test_worker_env_consistency.py::test_ns_override_wins PASSED       [ 98%]
tests/test_worker_env_consistency.py::test_enable_nvapi_is_set_everywhere PASSED [100%]

=================================== FAILURES ===================================
__________________________ test_m0_no_platform_error ___________________________
tests/test_m0_env_gate.py:125: in test_m0_no_platform_error
    assert "0xBAD00002" not in combined, (
E   AssertionError: NGX Core's platform check failed. dxvk-nvapi is not answering: check DXVK_ENABLE_NVAPI=1, that DXVK's dxgi.dll and d3d11.dll are installed and overridden, and that dxvk-nvapi's nvapi64.dll is present.
E     
E   assert '0xBAD00002' not in '07:43:25.90...navailable\n'
E     
E     '0xBAD00002' is contained here:
E       07:43:25.907  dlss5-feed-host64 (built Sep 11 2026 17:26:14)
E       07:43:26.070  [host] adapter 0: NVIDIA GeForce RTX 4080 SUPER vendor=0x10DE
E       07:43:26.156  [host] DRED settings unavailable (settings1=0x80004002, settings=0x80004002)
E       07:43:26.156  [pure] standalone D3D12 device ready; no swapchain or carrier modules
E       07:43:26.197  [host] NVSDK_NGX_D3D12_Init -> 0xBAD00002 (?)...
E     
E     ...Full output truncated (67 lines hidden), use '-vv' to show
___________________________ test_m0_ngx_initialises ____________________________
tests/test_m0_env_gate.py:147: in test_m0_ngx_initialises
    assert "Success" in combined, (
E   AssertionError: NVSDK_NGX_D3D12_Init did not report Success.
E     07:43:26.070  [host] adapter 0: NVIDIA GeForce RTX 4080 SUPER vendor=0x10DE
E     07:43:26.156  [pure] standalone D3D12 device ready; no swapchain or carrier modules
E     07:43:26.197  [host] NVSDK_NGX_D3D12_Init -> 0xBAD00002 (?)
E     07:43:26.213  [host] Init_with_ProjectID -> 0xBAD00002 (?)
E     00f4:fixme:wineusb:add_usb_device Interface 1 has 2 alternate settings; using the first one.
E     07:43:26.070  [host] adapter 0: NVIDIA GeForce RTX 4080 SUPER vendor=0x10DE
E     07:43:26.156  [pure] standalone D3D12 device ready; no swapchain or carrier modules
E     07:43:26.197  [host] NVSDK_NGX_D3D12_Init -> 0xBAD00002 (?)
E     07:43:26.213  [host] Init_with_ProjectID -> 0xBAD00002 (?)
E   assert 'Success' in '07:43:25.907  dlss5-feed-host64 (built Sep 11 2026 17:26:14)\n07:43:26.070  [host] adapter 0: NVIDIA GeForce RTX 4080 SUPER vendor=0x10DE\n07:43:26.156  [host] DRED settings unavailable (settings1=0x80004002, settings=0x80004002)\n07:43:26.156  [pure] standalone D3D12 device ready; no swapchain or carrier modules\n07:43:26.197  [host] NVSDK_NGX_D3D12_Init -> 0xBAD00002 (?)\n07:43:26.213  [host] Init_with_ProjectID -> 0xBAD00002 (?)\n07:43:26.214  [host] NGX unavailable\n002c:fixme:winediag:loader_init wine-staging 11.17 is a testing version containing experimental patches.\n002c:fixme:winediag:loader_init Please mention your exact version when filing bug reports on winehq.org.\nMESA-EGL: warning: pci id for fd 39: 10de:2702, driver (null)\npci id for fd 40: 10de:2702, driver (null)\npci id for fd 41: 10de:2702, driver (null)\nMESA-EGL: warning: egl: failed to create dri2 screen\nMESA-EGL: warning: pci id for fd 39: 10de:2702, driver (null)\npci id for fd 40: 10de:2702, driver (null)\npci id for fd 41: 10de:2702, driver (null)\nMESA-EGL: warning: egl: failed to create dri2 screen\nMESA-EGL: warning: pci id for fd 39: 10de:2702, driver (null)\n00f4:fixme:wineusb:add_usb_device Int...Info type 48 not handled.\n0024:fixme:cryptasn:CryptDecodeObjectEx Unsupported decoder for lpszStructType 1.3.6.1.4.1.311.2.1.4\n0024:fixme:cryptasn:CryptDecodeObjectEx Unsupported decoder for lpszStructType 1.3.6.1.4.1.311.2.1.4\n0024:fixme:win:create_window_handle DPI context 0x22 not implemented\n0024:fixme:win:create_window_handle DPI context 0x22 not implemented\n0024:fixme:win:create_window_handle DPI context 0x22 not implemented\n0024:fixme:win:create_window_handle DPI context 0x22 not implemented\n014c:fixme:winediag:loader_init wine-staging 11.17 is a testing version containing experimental patches.\n014c:fixme:winediag:loader_init Please mention your exact version when filing bug reports on winehq.org.\n07:43:25.907  dlss5-feed-host64 (built Sep 11 2026 17:26:14)\n07:43:26.070  [host] adapter 0: NVIDIA GeForce RTX 4080 SUPER vendor=0x10DE\n07:43:26.156  [host] DRED settings unavailable (settings1=0x80004002, settings=0x80004002)\n07:43:26.156  [pure] standalone D3D12 device ready; no swapchain or carrier modules\n07:43:26.197  [host] NVSDK_NGX_D3D12_Init -> 0xBAD00002 (?)\n07:43:26.213  [host] Init_with_ProjectID -> 0xBAD00002 (?)\n07:43:26.214  [host] NGX unavailable\n'
_________________________ test_m0_feature18_is_created _________________________
tests/test_m0_env_gate.py:156: in test_m0_feature18_is_created
    assert "feature 18 ready" in combined, (
E   AssertionError: the NR feature was never created.
E     MESA-EGL: warning: egl: failed to create dri2 screen
E     MESA-EGL: warning: egl: failed to create dri2 screen
E     0024:fixme:win:create_window_handle DPI context 0x22 not implemented
E     MESA-EGL: warning: egl: failed to create dri2 screen
E     MESA-EGL: warning: egl: failed to create dri2 screen
E     0024:fixme:win:create_window_handle DPI context 0x22 not implemented
E     0024:fixme:win:create_window_handle DPI context 0x22 not implemented
E     0024:fixme:win:create_window_handle DPI context 0x22 not implemented
E     0024:fixme:win:create_window_handle DPI context 0x22 not implemented
E   assert 'feature 18 ready' in '07:43:25.907  dlss5-feed-host64 (built Sep 11 2026 17:26:14)\n07:43:26.070  [host] adapter 0: NVIDIA GeForce RTX 4080 SUPER vendor=0x10DE\n07:43:26.156  [host] DRED settings unavailable (settings1=0x80004002, settings=0x80004002)\n07:43:26.156  [pure] standalone D3D12 device ready; no swapchain or carrier modules\n07:43:26.197  [host] NVSDK_NGX_D3D12_Init -> 0xBAD00002 (?)\n07:43:26.213  [host] Init_with_ProjectID -> 0xBAD00002 (?)\n07:43:26.214  [host] NGX unavailable\n002c:fixme:winediag:loader_init wine-staging 11.17 is a testing version containing experimental patches.\n002c:fixme:winediag:loader_init Please mention your exact version when filing bug reports on winehq.org.\nMESA-EGL: warning: pci id for fd 39: 10de:2702, driver (null)\npci id for fd 40: 10de:2702, driver (null)\npci id for fd 41: 10de:2702, driver (null)\nMESA-EGL: warning: egl: failed to create dri2 screen\nMESA-EGL: warning: pci id for fd 39: 10de:2702, driver (null)\npci id for fd 40: 10de:2702, driver (null)\npci id for fd 41: 10de:2702, driver (null)\nMESA-EGL: warning: egl: failed to create dri2 screen\nMESA-EGL: warning: pci id for fd 39: 10de:2702, driver (null)\n00f4:fixme:wineusb:add_usb_device Int...Info type 48 not handled.\n0024:fixme:cryptasn:CryptDecodeObjectEx Unsupported decoder for lpszStructType 1.3.6.1.4.1.311.2.1.4\n0024:fixme:cryptasn:CryptDecodeObjectEx Unsupported decoder for lpszStructType 1.3.6.1.4.1.311.2.1.4\n0024:fixme:win:create_window_handle DPI context 0x22 not implemented\n0024:fixme:win:create_window_handle DPI context 0x22 not implemented\n0024:fixme:win:create_window_handle DPI context 0x22 not implemented\n0024:fixme:win:create_window_handle DPI context 0x22 not implemented\n014c:fixme:winediag:loader_init wine-staging 11.17 is a testing version containing experimental patches.\n014c:fixme:winediag:loader_init Please mention your exact version when filing bug reports on winehq.org.\n07:43:25.907  dlss5-feed-host64 (built Sep 11 2026 17:26:14)\n07:43:26.070  [host] adapter 0: NVIDIA GeForce RTX 4080 SUPER vendor=0x10DE\n07:43:26.156  [host] DRED settings unavailable (settings1=0x80004002, settings=0x80004002)\n07:43:26.156  [pure] standalone D3D12 device ready; no swapchain or carrier modules\n07:43:26.197  [host] NVSDK_NGX_D3D12_Init -> 0xBAD00002 (?)\n07:43:26.213  [host] Init_with_ProjectID -> 0xBAD00002 (?)\n07:43:26.214  [host] NGX unavailable\n'
__________________________ test_m0_evaluates_succeed ___________________________
tests/test_m0_env_gate.py:166: in test_m0_evaluates_succeed
    assert m, f"the worker never reported a test summary.\n{combined[-2000:]}"
E   AssertionError: the worker never reported a test summary.
E     query_id Unhandled ID query type 0x5.
E     00b4:fixme:wineusb:query_id Unhandled ID query type 0x5.
E     0024:fixme:win:create_window_handle DPI context 0x22 not implemented
E     MESA-EGL: warning: pci id for fd 44: 10de:2702, driver (null)
E     pci id for fd 45: 10de:2702, driver (null)
E     pci id for fd 46: 10de:2702, driver (null)
E     MESA-EGL: warning: egl: failed to create dri2 screen
E     MESA-EGL: warning: pci id for fd 44: 10de:2702, driver (null)
E     pci id for fd 45: 10de:2702, driver (null)
E     pci id for fd 46: 10de:2702, driver (null)
E     MESA-EGL: warning: egl: failed to create dri2 screen
E     MESA-EGL: warning: pci id for fd 44: 10de:2702, driver (null)
E     0024:fixme:ntdll:NtQuerySystemInformation info_class SYSTEM_PERFORMANCE_INFORMATION
E     0024:fixme:d3dkmt:NtGdiDdDDIQueryAdapterInfo type 48 not handled.
E     0024:fixme:d3dkmt:NtGdiDdDDIQueryAdapterInfo type 48 not handled.
E     0024:fixme:cryptasn:CryptDecodeObjectEx Unsupported decoder for lpszStructType 1.3.6.1.4.1.311.2.1.4
E     0024:fixme:cryptasn:CryptDecodeObjectEx Unsupported decoder for lpszStructType 1.3.6.1.4.1.311.2.1.4
E     0024:fixme:win:create_window_handle DPI context 0x22 not implemented
E     0024:fixme:win:create_window_handle DPI context 0x22 not implemented
E     0024:fixme:win:create_window_handle DPI context 0x22 not implemented
E     0024:fixme:win:create_window_handle DPI context 0x22 not implemented
E     014c:fixme:winediag:loader_init wine-staging 11.17 is a testing version containing experimental patches.
E     014c:fixme:winediag:loader_init Please mention your exact version when filing bug reports on winehq.org.
E     07:43:25.907  dlss5-feed-host64 (built Sep 11 2026 17:26:14)
E     07:43:26.070  [host] adapter 0: NVIDIA GeForce RTX 4080 SUPER vendor=0x10DE
E     07:43:26.156  [host] DRED settings unavailable (settings1=0x80004002, settings=0x80004002)
E     07:43:26.156  [pure] standalone D3D12 device ready; no swapchain or carrier modules
E     07:43:26.197  [host] NVSDK_NGX_D3D12_Init -> 0xBAD00002 (?)
E     07:43:26.213  [host] Init_with_ProjectID -> 0xBAD00002 (?)
E     07:43:26.214  [host] NGX unavailable
E     
E   assert None
=========================== short test summary info ============================
SKIPPED [1] tests/test_capture_display.py:22: Xvfb not installed
SKIPPED [1] tests/test_capture_display.py:29: Xvfb not installed
SKIPPED [1] tests/test_capture_display.py:39: Xvfb not installed
SKIPPED [1] tests/test_capture_display.py:46: Xvfb not installed
SKIPPED [1] tests/test_capture_display.py:52: Xvfb not installed
SKIPPED [1] tests/test_capture_display.py:63: Xvfb not installed
SKIPPED [1] tests/test_capture_display.py:73: Xvfb not installed
SKIPPED [1] tests/test_capture_display.py:80: Xvfb not installed
SKIPPED [1] tests/test_capture_display.py:87: Xvfb not installed
SKIPPED [1] tests/test_capture_display.py:97: Xvfb not installed
SKIPPED [1] tests/test_cli_end_to_end.py:33: Xvfb not installed
SKIPPED [1] tests/test_cli_end_to_end.py:53: Xvfb not installed
SKIPPED [1] tests/test_cli_end_to_end.py:75: Xvfb not installed
SKIPPED [1] tests/test_cli_end_to_end.py:91: Xvfb not installed
SKIPPED [1] tests/test_cli_end_to_end.py:97: Xvfb not installed
FAILED tests/test_m0_env_gate.py::test_m0_no_platform_error - AssertionError:...
FAILED tests/test_m0_env_gate.py::test_m0_ngx_initialises - AssertionError: N...
FAILED tests/test_m0_env_gate.py::test_m0_feature18_is_created - AssertionErr...
FAILED tests/test_m0_env_gate.py::test_m0_evaluates_succeed - AssertionError:...
================== 4 failed, 52 passed, 15 skipped in 10.99s ===================
